                      :-) GROMACS - gmx mdrun, 2023.3 (-:

Copyright 1991-2023 The GROMACS Authors.
GROMACS is free software; you can redistribute it and/or modify it
under the terms of the GNU Lesser General Public License
as published by the Free Software Foundation; either version 2.1
of the License, or (at your option) any later version.

                         Current GROMACS contributors:
       Mark Abraham           Andrey Alekseenko           Cathrine Bergh      
      Christian Blau            Eliane Briand             Mahesh Doijade      
    Stefan Fleischmann           Vytas Gapsys              Gaurav Garg        
      Sergey Gorelov         Gilles Gouaillardet            Alan Gray         
     M. Eric Irrgang         Farzaneh Jalalypour            Joe Jordan        
    Christoph Junghans        Prashanth Kanduri          Sebastian Keller     
     Carsten Kutzner           Justin A. Lemkul          Magnus Lundborg      
       Pascal Merz              Vedran Miletic            Dmitry Morozov      
       Szilard Pall             Roland Schulz             Michael Shirts      
     Alexey Shvetsov            Balint Soproni         David van der Spoel    
      Philip Turner             Carsten Uphoff           Alessandra Villa     
 Sebastian Wingbermuehle        Artem Zhmurov       

                         Previous GROMACS contributors:
        Emile Apol             Rossen Apostolov           James Barnett       
  Herman J.C. Berendsen          Par Bjelkmar           Viacheslav Bolnykh    
        Kevin Boyd            Aldert van Buuren          Carlo Camilloni      
     Rudi van Drunen            Anton Feenstra           Oliver Fleetwood     
     Gerrit Groenhof            Bert de Groot             Anca Hamuraru       
    Vincent Hindriksen          Victor Holanda           Aleksei Iupinov      
   Dimitrios Karkoulis           Peter Kasson             Sebastian Kehl      
        Jiri Kraus               Per Larsson              Viveca Lindahl      
      Erik Marklund           Pieter Meulenhoff           Teemu Murtola       
       Sander Pronk             Alfons Sijbers            Peter Tieleman      
       Jon Vincent             Teemu Virolainen         Christian Wennberg    
       Maarten Wolf       

                  Coordinated by the GROMACS project leaders:
                    Paul Bauer, Berk Hess, and Erik Lindahl

GROMACS:      gmx mdrun, version 2023.3
Executable:   /home/sc_enigma/.gromacs-2023.3/build/bin/gmx_mpi
Data prefix:  /home/sc_enigma/.gromacs-2023.3 (source tree)
Working dir:  /home/sc_enigma/Projects/MD_ZIF8/PROD/experimental/eql
Process ID:   36266
Command line:
  gmx_mpi mdrun -s eql.tpr -v

GROMACS version:    2023.3
Precision:          mixed
Memory model:       64 bit
MPI library:        MPI
OpenMP support:     enabled (GMX_OPENMP_MAX_THREADS = 128)
GPU support:        disabled
SIMD instructions:  AVX2_256
CPU FFT library:    fftw-3.3.8-sse2-avx-avx2-avx2_128
GPU FFT library:    none
Multi-GPU FFT:      none
RDTSCP usage:       enabled
TNG support:        enabled
Hwloc support:      disabled
Tracing support:    disabled
C compiler:         /usr/bin/cc GNU 12.2.0
C compiler flags:   -fexcess-precision=fast -funroll-all-loops -mavx2 -mfma -Wno-missing-field-initializers -O3 -DNDEBUG
C++ compiler:       /usr/bin/c++ GNU 12.2.0
C++ compiler flags: -fexcess-precision=fast -funroll-all-loops -mavx2 -mfma -Wno-missing-field-initializers -Wno-cast-function-type-strict -fopenmp -O3 -DNDEBUG
BLAS library:       Internal
LAPACK library:     Internal


Running on 1 node with total 8 cores, 16 processing units
Hardware detected on host debian (the node of MPI rank 0):
  CPU info:
    Vendor: Intel
    Brand:  Intel(R) Core(TM) i7-10700KF CPU @ 3.80GHz
    Family: 6   Model: 165   Stepping: 5
    Features: aes apic avx avx2 clfsh cmov cx8 cx16 f16c fma htt intel lahf mmx msr nonstop_tsc pcid pclmuldq pdcm pdpe1gb popcnt pse rdrnd rdtscp sse2 sse3 sse4.1 sse4.2 ssse3 tdt x2apic
  Hardware topology: Basic
    Packages, cores, and logical processors:
    [indices refer to OS logical processors]
      Package  0: [   0   8] [   1   9] [   2  10] [   3  11] [   4  12] [   5  13] [   6  14] [   7  15]
    CPU limit set by OS: -1   Recommended max number of threads: 16


++++ PLEASE READ AND CITE THE FOLLOWING REFERENCE ++++
M. J. Abraham, T. Murtola, R. Schulz, S. Páll, J. C. Smith, B. Hess, E.
Lindahl
GROMACS: High performance molecular simulations through multi-level
parallelism from laptops to supercomputers
SoftwareX 1 (2015) pp. 19-25
-------- -------- --- Thank You --- -------- --------


++++ PLEASE READ AND CITE THE FOLLOWING REFERENCE ++++
S. Páll, M. J. Abraham, C. Kutzner, B. Hess, E. Lindahl
Tackling Exascale Software Challenges in Molecular Dynamics Simulations with
GROMACS
In S. Markidis & E. Laure (Eds.), Solving Software Challenges for Exascale 8759 (2015) pp. 3-27
-------- -------- --- Thank You --- -------- --------


++++ PLEASE READ AND CITE THE FOLLOWING REFERENCE ++++
S. Pronk, S. Páll, R. Schulz, P. Larsson, P. Bjelkmar, R. Apostolov, M. R.
Shirts, J. C. Smith, P. M. Kasson, D. van der Spoel, B. Hess, and E. Lindahl
GROMACS 4.5: a high-throughput and highly parallel open source molecular
simulation toolkit
Bioinformatics 29 (2013) pp. 845-54
-------- -------- --- Thank You --- -------- --------


++++ PLEASE READ AND CITE THE FOLLOWING REFERENCE ++++
B. Hess and C. Kutzner and D. van der Spoel and E. Lindahl
GROMACS 4: Algorithms for highly efficient, load-balanced, and scalable
molecular simulation
J. Chem. Theory Comput. 4 (2008) pp. 435-447
-------- -------- --- Thank You --- -------- --------


++++ PLEASE READ AND CITE THE FOLLOWING REFERENCE ++++
D. van der Spoel, E. Lindahl, B. Hess, G. Groenhof, A. E. Mark and H. J. C.
Berendsen
GROMACS: Fast, Flexible and Free
J. Comp. Chem. 26 (2005) pp. 1701-1719
-------- -------- --- Thank You --- -------- --------


++++ PLEASE READ AND CITE THE FOLLOWING REFERENCE ++++
E. Lindahl and B. Hess and D. van der Spoel
GROMACS 3.0: A package for molecular simulation and trajectory analysis
J. Mol. Mod. 7 (2001) pp. 306-317
-------- -------- --- Thank You --- -------- --------


++++ PLEASE READ AND CITE THE FOLLOWING REFERENCE ++++
H. J. C. Berendsen, D. van der Spoel and R. van Drunen
GROMACS: A message-passing parallel molecular dynamics implementation
Comp. Phys. Comm. 91 (1995) pp. 43-56
-------- -------- --- Thank You --- -------- --------


++++ PLEASE CITE THE DOI FOR THIS VERSION OF GROMACS ++++
https://doi.org/10.5281/zenodo.10017686
-------- -------- --- Thank You --- -------- --------

Multiple energy groups is not implemented for GPUs, falling back to the CPU. For better performance, run on the GPU without energy groups and then do gmx mdrun -rerun option on the trajectory with an energy group .tpr file.
Input Parameters:
   integrator                     = md
   tinit                          = 0
   dt                             = 0.001
   nsteps                         = 1000000
   init-step                      = 0
   simulation-part                = 1
   mts                            = false
   comm-mode                      = Linear
   nstcomm                        = 20
   bd-fric                        = 0
   ld-seed                        = 793361086
   emtol                          = 100
   emstep                         = 0.001
   niter                          = 20
   fcstep                         = 0
   nstcgsteep                     = 1000
   nbfgscorr                      = 10
   rtpi                           = 0.05
   nstxout                        = 0
   nstvout                        = 0
   nstfout                        = 0
   nstlog                         = 10000
   nstcalcenergy                  = 20
   nstenergy                      = 10000
   nstxout-compressed             = 10000
   compressed-x-precision         = 1000
   cutoff-scheme                  = Verlet
   nstlist                        = 40
   pbc                            = xyz
   periodic-molecules             = true
   verlet-buffer-tolerance        = 0.0001
   rlist                          = 1.485
   coulombtype                    = PME
   coulomb-modifier               = Potential-shift
   rcoulomb-switch                = 0
   rcoulomb                       = 1.4
   epsilon-r                      = 1
   epsilon-rf                     = inf
   vdw-type                       = Cut-off
   vdw-modifier                   = Potential-shift
   rvdw-switch                    = 0
   rvdw                           = 1.4
   DispCorr                       = EnerPres
   table-extension                = 1
   fourierspacing                 = 0.12
   fourier-nx                     = 32
   fourier-ny                     = 32
   fourier-nz                     = 60
   pme-order                      = 4
   ewald-rtol                     = 1e-05
   ewald-rtol-lj                  = 0.001
   lj-pme-comb-rule               = Geometric
   ewald-geometry                 = 3d
   epsilon-surface                = 0
   ensemble-temperature-setting   = constant
   ensemble-temperature           = 300
   tcoupl                         = V-rescale
   nsttcouple                     = 100
   nh-chain-length                = 0
   print-nose-hoover-chain-variables = false
   pcoupl                         = No
   pcoupltype                     = Isotropic
   nstpcouple                     = -1
   tau-p                          = 0.5
   compressibility (3x3):
      compressibility[    0]={ 0.00000e+00,  0.00000e+00,  0.00000e+00}
      compressibility[    1]={ 0.00000e+00,  0.00000e+00,  0.00000e+00}
      compressibility[    2]={ 0.00000e+00,  0.00000e+00,  0.00000e+00}
   ref-p (3x3):
      ref-p[    0]={ 0.00000e+00,  0.00000e+00,  0.00000e+00}
      ref-p[    1]={ 0.00000e+00,  0.00000e+00,  0.00000e+00}
      ref-p[    2]={ 0.00000e+00,  0.00000e+00,  0.00000e+00}
   refcoord-scaling               = No
   posres-com (3):
      posres-com[0]= 0.00000e+00
      posres-com[1]= 0.00000e+00
      posres-com[2]= 0.00000e+00
   posres-comB (3):
      posres-comB[0]= 0.00000e+00
      posres-comB[1]= 0.00000e+00
      posres-comB[2]= 0.00000e+00
   QMMM                           = false
qm-opts:
   ngQM                           = 0
   constraint-algorithm           = Lincs
   continuation                   = false
   Shake-SOR                      = false
   shake-tol                      = 0.0001
   lincs-order                    = 4
   lincs-iter                     = 1
   lincs-warnangle                = 30
   nwall                          = 0
   wall-type                      = 9-3
   wall-r-linpot                  = -1
   wall-atomtype[0]               = -1
   wall-atomtype[1]               = -1
   wall-density[0]                = 0
   wall-density[1]                = 0
   wall-ewald-zfac                = 3
   pull                           = false
   awh                            = false
   rotation                       = false
   interactiveMD                  = false
   disre                          = No
   disre-weighting                = Conservative
   disre-mixed                    = false
   dr-fc                          = 1000
   dr-tau                         = 0
   nstdisreout                    = 100
   orire-fc                       = 0
   orire-tau                      = 0
   nstorireout                    = 100
   free-energy                    = no
   cos-acceleration               = 0
   deform (3x3):
      deform[    0]={ 0.00000e+00,  0.00000e+00,  0.00000e+00}
      deform[    1]={ 0.00000e+00,  0.00000e+00,  0.00000e+00}
      deform[    2]={ 0.00000e+00,  0.00000e+00,  0.00000e+00}
   simulated-tempering            = false
   swapcoords                     = no
   userint1                       = 0
   userint2                       = 0
   userint3                       = 0
   userint4                       = 0
   userreal1                      = 0
   userreal2                      = 0
   userreal3                      = 0
   userreal4                      = 0
   applied-forces:
     electric-field:
       x:
         E0                       = 0
         omega                    = 0
         t0                       = 0
         sigma                    = 0
       y:
         E0                       = 0
         omega                    = 0
         t0                       = 0
         sigma                    = 0
       z:
         E0                       = 0
         omega                    = 0
         t0                       = 0
         sigma                    = 0
     density-guided-simulation:
       active                     = false
       group                      = protein
       similarity-measure         = inner-product
       atom-spreading-weight      = unity
       force-constant             = 1e+09
       gaussian-transform-spreading-width = 0.2
       gaussian-transform-spreading-range-in-multiples-of-width = 4
       reference-density-filename = reference.mrc
       nst                        = 1
       normalize-densities        = true
       adaptive-force-scaling     = false
       adaptive-force-scaling-time-constant = 4
       shift-vector               = 
       transformation-matrix      = 
     qmmm-cp2k:
       active                     = false
       qmgroup                    = System
       qmmethod                   = PBE
       qmfilenames                = 
       qmcharge                   = 0
       qmmultiplicity             = 1
grpopts:
   nrdf:        6621        2214
   ref-t:         300         300
   tau-t:           1           1
annealing:          No          No
annealing-npoints:           0           0
   acc:	           0           0           0
   nfreeze:           N           N           N
   energygrp-flags[  0]: 0 0
   energygrp-flags[  1]: 0 0

Changing nstlist from 40 to 50, rlist from 1.485 to 1.52


When checking whether update groups are usable:
  No constraints or virtual sites are in use, so it is best not to use update groups

Initializing Domain Decomposition on 1 ranks
Dynamic load balancing: auto
Minimum cell size due to atom displacement: 0.505 nm
NOTE: Periodic molecules are present in this system. Because of this, the domain decomposition algorithm cannot easily determine the minimum cell size that it requires for treating bonded interactions. Instead, domain decomposition will assume that half the non-bonded cut-off will be a suitable lower bound.
Minimum cell size due to bonded interactions: 0.760 nm
Using 0 separate PME ranks because: there are too few total ranks for efficient splitting
Optimizing the DD grid for 1 cells with a minimum initial size of 0.760 nm
The maximum allowed number of cells is: X 4 Y 4 Z 9
Domain decomposition grid 1 x 1 x 1, separate PME ranks 0
PME domain decomposition: 1 x 1 x 1

The initial number of communication pulses is:
The initial domain decomposition cell size is:

The maximum allowed distance for atoms involved in interactions is:
                 non-bonded interactions           1.520 nm
            two-body bonded interactions  (-rdd)   1.520 nm
          multi-body bonded interactions  (-rdd)   1.520 nm

When dynamic load balancing gets turned on, these settings will change to:
The maximum number of communication pulses is:
The minimum size for domain decomposition cells is 1.520 nm
The requested allowed shrink of DD cells (option -dds) is: 0.80
The allowed shrink of domain decomposition cells is:
The maximum allowed distance for atoms involved in interactions is:
                 non-bonded interactions           1.520 nm
            two-body bonded interactions  (-rdd)   1.520 nm
          multi-body bonded interactions  (-rdd)   1.520 nm

Using 1 MPI process
Using 16 OpenMP threads 

System total charge: -0.000
Will do PME sum in reciprocal space for electrostatic interactions.

++++ PLEASE READ AND CITE THE FOLLOWING REFERENCE ++++
U. Essmann, L. Perera, M. L. Berkowitz, T. Darden, H. Lee and L. G. Pedersen 
A smooth particle mesh Ewald method
J. Chem. Phys. 103 (1995) pp. 8577-8592
-------- -------- --- Thank You --- -------- --------

Using a Gaussian width (1/beta) of 0.448228 nm for Ewald
Potential shift: LJ r^-12: -1.764e-02 r^-6: -1.328e-01, Ewald -7.143e-06
Initialized non-bonded Coulomb Ewald tables, spacing: 1.10e-03 size: 1270

Generated table with 1260 data points for 1-4 COUL.
Tabscale = 500 points/nm
Generated table with 1260 data points for 1-4 LJ6.
Tabscale = 500 points/nm
Generated table with 1260 data points for 1-4 LJ12.
Tabscale = 500 points/nm
Long Range LJ corr.: <C6> 9.0852e-04


Using SIMD 4x8 nonbonded short-range kernels

Using a dual 4x8 pair-list setup updated with dynamic pruning:
  outer list: updated every 50 steps, buffer 0.120 nm, rlist 1.520 nm
  inner list: updated every  7 steps, buffer 0.001 nm, rlist 1.401 nm
At tolerance 0.0001 kJ/mol/ps per atom, equivalent classical 1x1 list would be:
  outer list: updated every 50 steps, buffer 0.204 nm, rlist 1.604 nm
  inner list: updated every  7 steps, buffer 0.013 nm, rlist 1.413 nm

The non-bonded pair calculation algorithm tolerates a few missing pair interactions close to the cut-off. This can lead to a systematic overestimation of the pressure due to missing LJ interactions. The error in the average pressure due to missing LJ interactions is at most 0.03 bar.
The pressure error can be controlled by setting the environment variable GMX_VERLET_BUFFER_PRESSURE_TOLERANCE to the allowed error in units of bar.

Using Lorentz-Berthelot Lennard-Jones combination rule

Linking all bonded interactions to atoms


Pinning threads with an auto-selected logical cpu stride of 1

++++ PLEASE READ AND CITE THE FOLLOWING REFERENCE ++++
G. Bussi, D. Donadio and M. Parrinello
Canonical sampling through velocity rescaling
J. Chem. Phys. 126 (2007) pp. 014101
-------- -------- --- Thank You --- -------- --------

There are: 2946 Atoms
Atom distribution over 1 domains: av 2946 stddev 0 min 2946 max 2946
Center of mass motion removal mode is Linear
We have the following groups for center of mass motion removal:
  0:  ZIF
Initial temperature: 299.879 K

Started mdrun on rank 0 Wed Dec 18 15:56:25 2024

           Step           Time
              0        0.00000

   Energies (kJ/mol)
           Bond          Angle    Proper Dih. Ryckaert-Bell.  Improper Dih.
    3.14134e+02    4.81682e+02    3.24210e+02    7.68348e+00    1.19224e+01
 Per. Imp. Dih.          LJ-14     Coulomb-14        LJ (SR)  Disper. corr.
    2.34004e+00    3.78276e+02   -1.00486e+05   -4.11424e+03   -1.48726e+02
   Coulomb (SR)   Coul. recip.      Potential    Kinetic En.   Total Energy
    7.04437e+04    4.10416e+03   -2.86813e+04    1.10303e+04   -1.76510e+04
  Conserved En.    Temperature Pres. DC (bar) Pressure (bar)
   -1.76510e+04    3.00316e+02   -3.05886e+01    1.10392e+03

           Step           Time
          10000       10.00000

   Energies (kJ/mol)
           Bond          Angle    Proper Dih. Ryckaert-Bell.  Improper Dih.
    3.63149e+03    4.06092e+03    1.57678e+03    3.91348e+02    1.26081e+02
 Per. Imp. Dih.          LJ-14     Coulomb-14        LJ (SR)  Disper. corr.
    6.09237e+01    4.60403e+02   -1.00943e+05   -4.89323e+03   -1.48726e+02
   Coulomb (SR)   Coul. recip.      Potential    Kinetic En.   Total Energy
    7.00042e+04    1.72041e+03   -2.39524e+04    1.10079e+04   -1.29445e+04
  Conserved En.    Temperature Pres. DC (bar) Pressure (bar)
   -1.74150e+04    2.99704e+02   -3.05886e+01   -5.03170e+02

           Step           Time
          20000       20.00000

   Energies (kJ/mol)
           Bond          Angle    Proper Dih. Ryckaert-Bell.  Improper Dih.
    3.65227e+03    4.01533e+03    1.63010e+03    3.96937e+02    1.32685e+02
 Per. Imp. Dih.          LJ-14     Coulomb-14        LJ (SR)  Disper. corr.
    6.40369e+01    4.70034e+02   -1.00861e+05   -5.19174e+03   -1.48726e+02
   Coulomb (SR)   Coul. recip.      Potential    Kinetic En.   Total Energy
    6.97122e+04    1.73106e+03   -2.43972e+04    1.10628e+04   -1.33344e+04
  Conserved En.    Temperature Pres. DC (bar) Pressure (bar)
   -1.74085e+04    3.01199e+02   -3.05886e+01    4.05954e+02

           Step           Time
          30000       30.00000

   Energies (kJ/mol)
           Bond          Angle    Proper Dih. Ryckaert-Bell.  Improper Dih.
    3.93311e+03    4.13989e+03    1.52221e+03    4.02728e+02    1.27797e+02
 Per. Imp. Dih.          LJ-14     Coulomb-14        LJ (SR)  Disper. corr.
    6.87533e+01    4.76712e+02   -1.00949e+05   -5.42477e+03   -1.48726e+02
   Coulomb (SR)   Coul. recip.      Potential    Kinetic En.   Total Energy
    6.97774e+04    1.64540e+03   -2.44288e+04    1.11708e+04   -1.32581e+04
  Conserved En.    Temperature Pres. DC (bar) Pressure (bar)
   -1.74081e+04    3.04139e+02   -3.05886e+01    3.50435e+02

           Step           Time
          40000       40.00000

   Energies (kJ/mol)
           Bond          Angle    Proper Dih. Ryckaert-Bell.  Improper Dih.
    3.96658e+03    4.14390e+03    1.53945e+03    3.92178e+02    1.23264e+02
 Per. Imp. Dih.          LJ-14     Coulomb-14        LJ (SR)  Disper. corr.
    7.17450e+01    4.61202e+02   -1.00924e+05   -5.63340e+03   -1.48726e+02
   Coulomb (SR)   Coul. recip.      Potential    Kinetic En.   Total Energy
    6.96806e+04    1.40311e+03   -2.49244e+04    1.06928e+04   -1.42316e+04
  Conserved En.    Temperature Pres. DC (bar) Pressure (bar)
   -1.74044e+04    2.91126e+02   -3.05886e+01   -1.35766e+03

           Step           Time
          50000       50.00000

   Energies (kJ/mol)
           Bond          Angle    Proper Dih. Ryckaert-Bell.  Improper Dih.
    3.81070e+03    4.18096e+03    1.48650e+03    3.87049e+02    1.34219e+02
 Per. Imp. Dih.          LJ-14     Coulomb-14        LJ (SR)  Disper. corr.
    6.74074e+01    4.72943e+02   -1.00858e+05   -5.52642e+03   -1.48726e+02
   Coulomb (SR)   Coul. recip.      Potential    Kinetic En.   Total Energy
    6.96602e+04    1.39431e+03   -2.49387e+04    1.13299e+04   -1.36088e+04
  Conserved En.    Temperature Pres. DC (bar) Pressure (bar)
   -1.74507e+04    3.08470e+02   -3.05886e+01   -1.65928e+02

           Step           Time
          60000       60.00000

   Energies (kJ/mol)
           Bond          Angle    Proper Dih. Ryckaert-Bell.  Improper Dih.
    4.01553e+03    4.18962e+03    1.40253e+03    3.45582e+02    1.16299e+02
 Per. Imp. Dih.          LJ-14     Coulomb-14        LJ (SR)  Disper. corr.
    6.69672e+01    4.99930e+02   -1.00963e+05   -5.59472e+03   -1.48726e+02
   Coulomb (SR)   Coul. recip.      Potential    Kinetic En.   Total Energy
    6.96692e+04    1.40164e+03   -2.49990e+04    1.10128e+04   -1.39862e+04
  Conserved En.    Temperature Pres. DC (bar) Pressure (bar)
   -1.74274e+04    2.99839e+02   -3.05886e+01   -7.33310e+02

           Step           Time
          70000       70.00000

   Energies (kJ/mol)
           Bond          Angle    Proper Dih. Ryckaert-Bell.  Improper Dih.
    3.95748e+03    4.15366e+03    1.57456e+03    3.67208e+02    1.25057e+02
 Per. Imp. Dih.          LJ-14     Coulomb-14        LJ (SR)  Disper. corr.
    7.18641e+01    4.85616e+02   -1.00763e+05   -5.71844e+03   -1.48726e+02
   Coulomb (SR)   Coul. recip.      Potential    Kinetic En.   Total Energy
    6.95259e+04    1.34862e+03   -2.50204e+04    1.08043e+04   -1.42162e+04
  Conserved En.    Temperature Pres. DC (bar) Pressure (bar)
   -1.74356e+04    2.94160e+02   -3.05886e+01   -3.65938e+01

           Step           Time
          80000       80.00000

   Energies (kJ/mol)
           Bond          Angle    Proper Dih. Ryckaert-Bell.  Improper Dih.
    4.10944e+03    4.14321e+03    1.46151e+03    3.63466e+02    1.25310e+02
 Per. Imp. Dih.          LJ-14     Coulomb-14        LJ (SR)  Disper. corr.
    6.67599e+01    4.88361e+02   -1.01019e+05   -5.69310e+03   -1.48726e+02
   Coulomb (SR)   Coul. recip.      Potential    Kinetic En.   Total Energy
    6.98217e+04    1.33473e+03   -2.49467e+04    1.07952e+04   -1.41515e+04
  Conserved En.    Temperature Pres. DC (bar) Pressure (bar)
   -1.74346e+04    2.93913e+02   -3.05886e+01   -5.73756e+02

           Step           Time
          90000       90.00000

   Energies (kJ/mol)
           Bond          Angle    Proper Dih. Ryckaert-Bell.  Improper Dih.
    3.90817e+03    3.98602e+03    1.50058e+03    3.83999e+02    1.05541e+02
 Per. Imp. Dih.          LJ-14     Coulomb-14        LJ (SR)  Disper. corr.
    7.52754e+01    4.54705e+02   -1.00921e+05   -5.71951e+03   -1.48726e+02
   Coulomb (SR)   Coul. recip.      Potential    Kinetic En.   Total Energy
    6.96235e+04    1.36518e+03   -2.53861e+04    1.08351e+04   -1.45510e+04
  Conserved En.    Temperature Pres. DC (bar) Pressure (bar)
   -1.74549e+04    2.95001e+02   -3.05886e+01   -1.41363e+02

           Step           Time
         100000      100.00000

   Energies (kJ/mol)
           Bond          Angle    Proper Dih. Ryckaert-Bell.  Improper Dih.
    4.18702e+03    4.09911e+03    1.52314e+03    3.77278e+02    1.17711e+02
 Per. Imp. Dih.          LJ-14     Coulomb-14        LJ (SR)  Disper. corr.
    6.25118e+01    4.87090e+02   -1.01042e+05   -5.66739e+03   -1.48726e+02
   Coulomb (SR)   Coul. recip.      Potential    Kinetic En.   Total Energy
    6.97779e+04    1.33951e+03   -2.48869e+04    1.09820e+04   -1.39049e+04
  Conserved En.    Temperature Pres. DC (bar) Pressure (bar)
   -1.74573e+04    2.99001e+02   -3.05886e+01    6.18674e+02

           Step           Time
         110000      110.00000

   Energies (kJ/mol)
           Bond          Angle    Proper Dih. Ryckaert-Bell.  Improper Dih.
    3.93833e+03    4.24614e+03    1.48969e+03    4.08843e+02    1.22455e+02
 Per. Imp. Dih.          LJ-14     Coulomb-14        LJ (SR)  Disper. corr.
    7.46494e+01    4.67996e+02   -1.00834e+05   -5.68935e+03   -1.48726e+02
   Coulomb (SR)   Coul. recip.      Potential    Kinetic En.   Total Energy
    6.95453e+04    1.32224e+03   -2.50567e+04    1.09938e+04   -1.40630e+04
  Conserved En.    Temperature Pres. DC (bar) Pressure (bar)
   -1.74812e+04    2.99320e+02   -3.05886e+01   -5.12195e+02

           Step           Time
         120000      120.00000

   Energies (kJ/mol)
           Bond          Angle    Proper Dih. Ryckaert-Bell.  Improper Dih.
    3.76896e+03    4.14008e+03    1.46711e+03    3.90614e+02    1.18066e+02
 Per. Imp. Dih.          LJ-14     Coulomb-14        LJ (SR)  Disper. corr.
    7.48087e+01    4.96796e+02   -1.01021e+05   -5.74779e+03   -1.48726e+02
   Coulomb (SR)   Coul. recip.      Potential    Kinetic En.   Total Energy
    6.97080e+04    1.34668e+03   -2.54063e+04    1.09018e+04   -1.45045e+04
  Conserved En.    Temperature Pres. DC (bar) Pressure (bar)
   -1.75031e+04    2.96817e+02   -3.05886e+01   -2.05340e+02

           Step           Time
         130000      130.00000

   Energies (kJ/mol)
           Bond          Angle    Proper Dih. Ryckaert-Bell.  Improper Dih.
    3.84469e+03    4.19345e+03    1.35303e+03    4.10924e+02    1.09478e+02
 Per. Imp. Dih.          LJ-14     Coulomb-14        LJ (SR)  Disper. corr.
    7.42281e+01    4.66185e+02   -1.00990e+05   -5.71179e+03   -1.48726e+02
   Coulomb (SR)   Coul. recip.      Potential    Kinetic En.   Total Energy
    6.97348e+04    1.36054e+03   -2.53032e+04    1.07702e+04   -1.45330e+04
  Conserved En.    Temperature Pres. DC (bar) Pressure (bar)
   -1.75142e+04    2.93233e+02   -3.05886e+01   -1.78820e+02

           Step           Time
         140000      140.00000

   Energies (kJ/mol)
           Bond          Angle    Proper Dih. Ryckaert-Bell.  Improper Dih.
    4.18578e+03    4.07444e+03    1.53976e+03    4.14348e+02    1.22043e+02
 Per. Imp. Dih.          LJ-14     Coulomb-14        LJ (SR)  Disper. corr.
    8.47514e+01    4.50591e+02   -1.00923e+05   -5.70804e+03   -1.48726e+02
   Coulomb (SR)   Coul. recip.      Potential    Kinetic En.   Total Energy
    6.95915e+04    1.34469e+03   -2.49721e+04    1.09852e+04   -1.39868e+04
  Conserved En.    Temperature Pres. DC (bar) Pressure (bar)
   -1.75100e+04    2.99088e+02   -3.05886e+01    5.76040e+01

           Step           Time
         150000      150.00000

   Energies (kJ/mol)
           Bond          Angle    Proper Dih. Ryckaert-Bell.  Improper Dih.
    4.18986e+03    4.30500e+03    1.54962e+03    4.21476e+02    1.33068e+02
 Per. Imp. Dih.          LJ-14     Coulomb-14        LJ (SR)  Disper. corr.
    7.78891e+01    4.45154e+02   -1.00898e+05   -5.71605e+03   -1.48726e+02
   Coulomb (SR)   Coul. recip.      Potential    Kinetic En.   Total Energy
    6.96860e+04    1.37089e+03   -2.45840e+04    1.10359e+04   -1.35481e+04
  Conserved En.    Temperature Pres. DC (bar) Pressure (bar)
   -1.75255e+04    3.00468e+02   -3.05886e+01   -4.37837e+02

           Step           Time
         160000      160.00000

   Energies (kJ/mol)
           Bond          Angle    Proper Dih. Ryckaert-Bell.  Improper Dih.
    3.86298e+03    4.29189e+03    1.49572e+03    3.79380e+02    1.27080e+02
 Per. Imp. Dih.          LJ-14     Coulomb-14        LJ (SR)  Disper. corr.
    6.17625e+01    4.54448e+02   -1.00889e+05   -5.70942e+03   -1.48726e+02
   Coulomb (SR)   Coul. recip.      Potential    Kinetic En.   Total Energy
    6.96250e+04    1.33355e+03   -2.51149e+04    1.12051e+04   -1.39098e+04
  Conserved En.    Temperature Pres. DC (bar) Pressure (bar)
   -1.75525e+04    3.05074e+02   -3.05886e+01   -6.62480e+02

           Step           Time
         170000      170.00000

   Energies (kJ/mol)
           Bond          Angle    Proper Dih. Ryckaert-Bell.  Improper Dih.
    3.80457e+03    4.27727e+03    1.44901e+03    4.00636e+02    1.21258e+02
 Per. Imp. Dih.          LJ-14     Coulomb-14        LJ (SR)  Disper. corr.
    6.66730e+01    4.93011e+02   -1.00863e+05   -5.65118e+03   -1.48726e+02
   Coulomb (SR)   Coul. recip.      Potential    Kinetic En.   Total Energy
    6.96536e+04    1.37785e+03   -2.50191e+04    1.08992e+04   -1.41200e+04
  Conserved En.    Temperature Pres. DC (bar) Pressure (bar)
   -1.75627e+04    2.96744e+02   -3.05886e+01   -3.89431e+02

           Step           Time
         180000      180.00000

   Energies (kJ/mol)
           Bond          Angle    Proper Dih. Ryckaert-Bell.  Improper Dih.
    3.71976e+03    4.17039e+03    1.45652e+03    3.66890e+02    1.29017e+02
 Per. Imp. Dih.          LJ-14     Coulomb-14        LJ (SR)  Disper. corr.
    6.64643e+01    4.96321e+02   -1.00991e+05   -5.78470e+03   -1.48726e+02
   Coulomb (SR)   Coul. recip.      Potential    Kinetic En.   Total Energy
    6.97834e+04    1.36049e+03   -2.53751e+04    1.09538e+04   -1.44213e+04
  Conserved En.    Temperature Pres. DC (bar) Pressure (bar)
   -1.75900e+04    2.98232e+02   -3.05886e+01   -5.88426e+02

           Step           Time
         190000      190.00000

   Energies (kJ/mol)
           Bond          Angle    Proper Dih. Ryckaert-Bell.  Improper Dih.
    3.93164e+03    4.18424e+03    1.41797e+03    3.67770e+02    1.13951e+02
 Per. Imp. Dih.          LJ-14     Coulomb-14        LJ (SR)  Disper. corr.
    7.44307e+01    4.82166e+02   -1.00940e+05   -5.69765e+03   -1.48726e+02
   Coulomb (SR)   Coul. recip.      Potential    Kinetic En.   Total Energy
    6.96725e+04    1.34824e+03   -2.51931e+04    1.10399e+04   -1.41533e+04
  Conserved En.    Temperature Pres. DC (bar) Pressure (bar)
   -1.75867e+04    3.00576e+02   -3.05886e+01   -3.01647e+02

           Step           Time
         200000      200.00000

   Energies (kJ/mol)
           Bond          Angle    Proper Dih. Ryckaert-Bell.  Improper Dih.
    4.14437e+03    4.14818e+03    1.51228e+03    3.50315e+02    1.21634e+02
 Per. Imp. Dih.          LJ-14     Coulomb-14        LJ (SR)  Disper. corr.
    6.64320e+01    4.43618e+02   -1.00759e+05   -5.72741e+03   -1.48726e+02
   Coulomb (SR)   Coul. recip.      Potential    Kinetic En.   Total Energy
    6.95198e+04    1.37762e+03   -2.49509e+04    1.09503e+04   -1.40006e+04
  Conserved En.    Temperature Pres. DC (bar) Pressure (bar)
   -1.75722e+04    2.98136e+02   -3.05886e+01   -7.42814e+02

           Step           Time
         210000      210.00000

   Energies (kJ/mol)
           Bond          Angle    Proper Dih. Ryckaert-Bell.  Improper Dih.
    3.84530e+03    3.93993e+03    1.47124e+03    3.96160e+02    1.21106e+02
 Per. Imp. Dih.          LJ-14     Coulomb-14        LJ (SR)  Disper. corr.
    6.60316e+01    4.64636e+02   -1.00972e+05   -5.65315e+03   -1.48726e+02
   Coulomb (SR)   Coul. recip.      Potential    Kinetic En.   Total Energy
    6.96453e+04    1.34856e+03   -2.54761e+04    1.10718e+04   -1.44042e+04
  Conserved En.    Temperature Pres. DC (bar) Pressure (bar)
   -1.76100e+04    3.01445e+02   -3.05886e+01   -1.50946e+02

           Step           Time
         220000      220.00000

   Energies (kJ/mol)
           Bond          Angle    Proper Dih. Ryckaert-Bell.  Improper Dih.
    3.87804e+03    4.12667e+03    1.41101e+03    3.99997e+02    1.21609e+02
 Per. Imp. Dih.          LJ-14     Coulomb-14        LJ (SR)  Disper. corr.
    7.29727e+01    4.57892e+02   -1.01136e+05   -5.77507e+03   -1.48726e+02
   Coulomb (SR)   Coul. recip.      Potential    Kinetic En.   Total Energy
    6.98130e+04    1.36167e+03   -2.54167e+04    1.07831e+04   -1.46336e+04
  Conserved En.    Temperature Pres. DC (bar) Pressure (bar)
   -1.76082e+04    2.93585e+02   -3.05886e+01   -1.33233e+02

           Step           Time
         230000      230.00000

   Energies (kJ/mol)
           Bond          Angle    Proper Dih. Ryckaert-Bell.  Improper Dih.
    3.91070e+03    4.30026e+03    1.45325e+03    3.81505e+02    1.29326e+02
 Per. Imp. Dih.          LJ-14     Coulomb-14        LJ (SR)  Disper. corr.
    7.09747e+01    4.72948e+02   -1.00958e+05   -5.70920e+03   -1.48726e+02
   Coulomb (SR)   Coul. recip.      Potential    Kinetic En.   Total Energy
    6.96385e+04    1.37202e+03   -2.50866e+04    1.11267e+04   -1.39599e+04
  Conserved En.    Temperature Pres. DC (bar) Pressure (bar)
   -1.76274e+04    3.02938e+02   -3.05886e+01   -2.13322e+02

           Step           Time
         240000      240.00000

   Energies (kJ/mol)
           Bond          Angle    Proper Dih. Ryckaert-Bell.  Improper Dih.
    4.40117e+03    4.33065e+03    1.52526e+03    3.87968e+02    1.30651e+02
 Per. Imp. Dih.          LJ-14     Coulomb-14        LJ (SR)  Disper. corr.
    7.45331e+01    4.66694e+02   -1.01031e+05   -5.69897e+03   -1.48726e+02
   Coulomb (SR)   Coul. recip.      Potential    Kinetic En.   Total Energy
    6.97714e+04    1.30988e+03   -2.44809e+04    1.12236e+04   -1.32573e+04
  Conserved En.    Temperature Pres. DC (bar) Pressure (bar)
   -1.76076e+04    3.05577e+02   -3.05886e+01   -6.53778e+02

           Step           Time
         250000      250.00000

   Energies (kJ/mol)
           Bond          Angle    Proper Dih. Ryckaert-Bell.  Improper Dih.
    4.10732e+03    4.28998e+03    1.58541e+03    4.49104e+02    1.28354e+02
 Per. Imp. Dih.          LJ-14     Coulomb-14        LJ (SR)  Disper. corr.
    7.92667e+01    4.64722e+02   -1.00852e+05   -5.73961e+03   -1.48726e+02
   Coulomb (SR)   Coul. recip.      Potential    Kinetic En.   Total Energy
    6.95249e+04    1.36247e+03   -2.47488e+04    1.09698e+04   -1.37789e+04
  Conserved En.    Temperature Pres. DC (bar) Pressure (bar)
   -1.76441e+04    2.98668e+02   -3.05886e+01    1.64849e+02

           Step           Time
         260000      260.00000

   Energies (kJ/mol)
           Bond          Angle    Proper Dih. Ryckaert-Bell.  Improper Dih.
    3.97792e+03    4.42313e+03    1.51304e+03    4.25446e+02    1.12554e+02
 Per. Imp. Dih.          LJ-14     Coulomb-14        LJ (SR)  Disper. corr.
    7.72292e+01    4.69984e+02   -1.00660e+05   -5.73247e+03   -1.48726e+02
   Coulomb (SR)   Coul. recip.      Potential    Kinetic En.   Total Energy
    6.94331e+04    1.35420e+03   -2.47546e+04    1.12626e+04   -1.34920e+04
  Conserved En.    Temperature Pres. DC (bar) Pressure (bar)
   -1.76562e+04    3.06639e+02   -3.05886e+01   -2.42235e+02

           Step           Time
         270000      270.00000

   Energies (kJ/mol)
           Bond          Angle    Proper Dih. Ryckaert-Bell.  Improper Dih.
    3.93923e+03    4.12634e+03    1.46905e+03    3.95110e+02    1.14357e+02
 Per. Imp. Dih.          LJ-14     Coulomb-14        LJ (SR)  Disper. corr.
    6.33990e+01    4.77511e+02   -1.01049e+05   -5.71906e+03   -1.48726e+02
   Coulomb (SR)   Coul. recip.      Potential    Kinetic En.   Total Energy
    6.97413e+04    1.33977e+03   -2.52511e+04    1.11911e+04   -1.40600e+04
  Conserved En.    Temperature Pres. DC (bar) Pressure (bar)
   -1.76792e+04    3.04692e+02   -3.05886e+01   -6.30093e+02

           Step           Time
         280000      280.00000

   Energies (kJ/mol)
           Bond          Angle    Proper Dih. Ryckaert-Bell.  Improper Dih.
    3.93991e+03    4.03794e+03    1.41457e+03    4.48157e+02    1.13161e+02
 Per. Imp. Dih.          LJ-14     Coulomb-14        LJ (SR)  Disper. corr.
    8.14807e+01    4.89845e+02   -1.00797e+05   -5.82534e+03   -1.48726e+02
   Coulomb (SR)   Coul. recip.      Potential    Kinetic En.   Total Energy
    6.95121e+04    1.32104e+03   -2.54126e+04    1.08012e+04   -1.46114e+04
  Conserved En.    Temperature Pres. DC (bar) Pressure (bar)
   -1.76830e+04    2.94078e+02   -3.05886e+01    3.80851e+02

           Step           Time
         290000      290.00000

   Energies (kJ/mol)
           Bond          Angle    Proper Dih. Ryckaert-Bell.  Improper Dih.
    4.03544e+03    4.26362e+03    1.37066e+03    4.33956e+02    1.13791e+02
 Per. Imp. Dih.          LJ-14     Coulomb-14        LJ (SR)  Disper. corr.
    7.76292e+01    4.69213e+02   -1.00819e+05   -5.77154e+03   -1.48726e+02
   Coulomb (SR)   Coul. recip.      Potential    Kinetic En.   Total Energy
    6.95363e+04    1.35041e+03   -2.50886e+04    1.12514e+04   -1.38371e+04
  Conserved En.    Temperature Pres. DC (bar) Pressure (bar)
   -1.76864e+04    3.06335e+02   -3.05886e+01   -7.27959e+02

           Step           Time
         300000      300.00000

   Energies (kJ/mol)
           Bond          Angle    Proper Dih. Ryckaert-Bell.  Improper Dih.
    3.97915e+03    4.15561e+03    1.37914e+03    3.86872e+02    1.18145e+02
 Per. Imp. Dih.          LJ-14     Coulomb-14        LJ (SR)  Disper. corr.
    6.93590e+01    4.74746e+02   -1.01078e+05   -5.79174e+03   -1.48726e+02
   Coulomb (SR)   Coul. recip.      Potential    Kinetic En.   Total Energy
    6.97539e+04    1.34905e+03   -2.53520e+04    1.10224e+04   -1.43296e+04
  Conserved En.    Temperature Pres. DC (bar) Pressure (bar)
   -1.77026e+04    3.00101e+02   -3.05886e+01   -6.61949e+01

           Step           Time
         310000      310.00000

   Energies (kJ/mol)
           Bond          Angle    Proper Dih. Ryckaert-Bell.  Improper Dih.
    4.01332e+03    4.02583e+03    1.43044e+03    4.35802e+02    1.11700e+02
 Per. Imp. Dih.          LJ-14     Coulomb-14        LJ (SR)  Disper. corr.
    7.53125e+01    4.44351e+02   -1.01050e+05   -5.83421e+03   -1.48726e+02
   Coulomb (SR)   Coul. recip.      Potential    Kinetic En.   Total Energy
    6.97383e+04    1.35471e+03   -2.54028e+04    1.07525e+04   -1.46503e+04
  Conserved En.    Temperature Pres. DC (bar) Pressure (bar)
   -1.77122e+04    2.92752e+02   -3.05886e+01   -1.04806e+03

           Step           Time
         320000      320.00000

   Energies (kJ/mol)
           Bond          Angle    Proper Dih. Ryckaert-Bell.  Improper Dih.
    4.01956e+03    3.97447e+03    1.58187e+03    3.67271e+02    1.27620e+02
 Per. Imp. Dih.          LJ-14     Coulomb-14        LJ (SR)  Disper. corr.
    6.66165e+01    4.89444e+02   -1.00966e+05   -5.78520e+03   -1.48726e+02
   Coulomb (SR)   Coul. recip.      Potential    Kinetic En.   Total Energy
    6.96600e+04    1.35207e+03   -2.52613e+04    1.09755e+04   -1.42858e+04
  Conserved En.    Temperature Pres. DC (bar) Pressure (bar)
   -1.77369e+04    2.98823e+02   -3.05886e+01   -2.47371e+01

           Step           Time
         330000      330.00000

   Energies (kJ/mol)
           Bond          Angle    Proper Dih. Ryckaert-Bell.  Improper Dih.
    4.02818e+03    4.08272e+03    1.49620e+03    4.73515e+02    1.28593e+02
 Per. Imp. Dih.          LJ-14     Coulomb-14        LJ (SR)  Disper. corr.
    7.95778e+01    4.69488e+02   -1.00869e+05   -5.74234e+03   -1.48726e+02
   Coulomb (SR)   Coul. recip.      Potential    Kinetic En.   Total Energy
    6.95539e+04    1.38718e+03   -2.50604e+04    1.12778e+04   -1.37826e+04
  Conserved En.    Temperature Pres. DC (bar) Pressure (bar)
   -1.77501e+04    3.07053e+02   -3.05886e+01   -8.33946e+02

           Step           Time
         340000      340.00000

   Energies (kJ/mol)
           Bond          Angle    Proper Dih. Ryckaert-Bell.  Improper Dih.
    4.05696e+03    4.23026e+03    1.38701e+03    4.54961e+02    1.16687e+02
 Per. Imp. Dih.          LJ-14     Coulomb-14        LJ (SR)  Disper. corr.
    7.70831e+01    4.67441e+02   -1.00810e+05   -5.83061e+03   -1.48726e+02
   Coulomb (SR)   Coul. recip.      Potential    Kinetic En.   Total Energy
    6.95185e+04    1.35553e+03   -2.51246e+04    1.11500e+04   -1.39746e+04
  Conserved En.    Temperature Pres. DC (bar) Pressure (bar)
   -1.77559e+04    3.03574e+02   -3.05886e+01   -9.80586e+02

           Step           Time
         350000      350.00000

   Energies (kJ/mol)
           Bond          Angle    Proper Dih. Ryckaert-Bell.  Improper Dih.
    4.03601e+03    4.21305e+03    1.45587e+03    4.16958e+02    1.25811e+02
 Per. Imp. Dih.          LJ-14     Coulomb-14        LJ (SR)  Disper. corr.
    7.42902e+01    4.77939e+02   -1.01018e+05   -5.85085e+03   -1.48726e+02
   Coulomb (SR)   Coul. recip.      Potential    Kinetic En.   Total Energy
    6.96379e+04    1.36268e+03   -2.52171e+04    1.13092e+04   -1.39078e+04
  Conserved En.    Temperature Pres. DC (bar) Pressure (bar)
   -1.77724e+04    3.07908e+02   -3.05886e+01   -5.66391e+02

           Step           Time
         360000      360.00000

   Energies (kJ/mol)
           Bond          Angle    Proper Dih. Ryckaert-Bell.  Improper Dih.
    3.79876e+03    4.15190e+03    1.45869e+03    3.94711e+02    1.21757e+02
 Per. Imp. Dih.          LJ-14     Coulomb-14        LJ (SR)  Disper. corr.
    7.40278e+01    4.62867e+02   -1.01105e+05   -5.76384e+03   -1.48726e+02
   Coulomb (SR)   Coul. recip.      Potential    Kinetic En.   Total Energy
    6.96934e+04    1.32815e+03   -2.55329e+04    1.10044e+04   -1.45285e+04
  Conserved En.    Temperature Pres. DC (bar) Pressure (bar)
   -1.77990e+04    2.99611e+02   -3.05886e+01   -5.60107e+02

           Step           Time
         370000      370.00000

   Energies (kJ/mol)
           Bond          Angle    Proper Dih. Ryckaert-Bell.  Improper Dih.
    3.94916e+03    4.23380e+03    1.40483e+03    3.86142e+02    1.22682e+02
 Per. Imp. Dih.          LJ-14     Coulomb-14        LJ (SR)  Disper. corr.
    6.32411e+01    4.91472e+02   -1.00891e+05   -5.72466e+03   -1.48726e+02
   Coulomb (SR)   Coul. recip.      Potential    Kinetic En.   Total Energy
    6.96009e+04    1.35670e+03   -2.51556e+04    1.08856e+04   -1.42700e+04
  Conserved En.    Temperature Pres. DC (bar) Pressure (bar)
   -1.77856e+04    2.96374e+02   -3.05886e+01    4.55664e+02

           Step           Time
         380000      380.00000

   Energies (kJ/mol)
           Bond          Angle    Proper Dih. Ryckaert-Bell.  Improper Dih.
    3.97066e+03    4.12135e+03    1.48268e+03    3.93427e+02    1.24578e+02
 Per. Imp. Dih.          LJ-14     Coulomb-14        LJ (SR)  Disper. corr.
    7.04266e+01    4.64761e+02   -1.00988e+05   -5.83233e+03   -1.48726e+02
   Coulomb (SR)   Coul. recip.      Potential    Kinetic En.   Total Energy
    6.96681e+04    1.35406e+03   -2.53188e+04    1.11925e+04   -1.41263e+04
  Conserved En.    Temperature Pres. DC (bar) Pressure (bar)
   -1.78143e+04    3.04730e+02   -3.05886e+01   -2.09183e+02

           Step           Time
         390000      390.00000

   Energies (kJ/mol)
           Bond          Angle    Proper Dih. Ryckaert-Bell.  Improper Dih.
    3.88337e+03    3.99315e+03    1.58027e+03    3.62245e+02    1.29060e+02
 Per. Imp. Dih.          LJ-14     Coulomb-14        LJ (SR)  Disper. corr.
    6.02976e+01    4.75431e+02   -1.00812e+05   -5.75887e+03   -1.48726e+02
   Coulomb (SR)   Coul. recip.      Potential    Kinetic En.   Total Energy
    6.95185e+04    1.35051e+03   -2.53669e+04    1.10501e+04   -1.43168e+04
  Conserved En.    Temperature Pres. DC (bar) Pressure (bar)
   -1.78163e+04    3.00853e+02   -3.05886e+01   -5.99608e+02

           Step           Time
         400000      400.00000

   Energies (kJ/mol)
           Bond          Angle    Proper Dih. Ryckaert-Bell.  Improper Dih.
    3.96345e+03    3.92131e+03    1.42041e+03    3.63248e+02    1.18879e+02
 Per. Imp. Dih.          LJ-14     Coulomb-14        LJ (SR)  Disper. corr.
    6.42341e+01    4.62454e+02   -1.00911e+05   -5.79309e+03   -1.48726e+02
   Coulomb (SR)   Coul. recip.      Potential    Kinetic En.   Total Energy
    6.96225e+04    1.35573e+03   -2.55603e+04    1.09823e+04   -1.45780e+04
  Conserved En.    Temperature Pres. DC (bar) Pressure (bar)
   -1.78271e+04    2.99008e+02   -3.05886e+01    1.81096e+02

           Step           Time
         410000      410.00000

   Energies (kJ/mol)
           Bond          Angle    Proper Dih. Ryckaert-Bell.  Improper Dih.
    3.90372e+03    4.17653e+03    1.54559e+03    3.74032e+02    1.26930e+02
 Per. Imp. Dih.          LJ-14     Coulomb-14        LJ (SR)  Disper. corr.
    6.96811e+01    4.86134e+02   -1.01030e+05   -5.73276e+03   -1.48726e+02
   Coulomb (SR)   Coul. recip.      Potential    Kinetic En.   Total Energy
    6.96958e+04    1.34477e+03   -2.51880e+04    1.09566e+04   -1.42314e+04
  Conserved En.    Temperature Pres. DC (bar) Pressure (bar)
   -1.78385e+04    2.98308e+02   -3.05886e+01   -4.25427e+02

           Step           Time
         420000      420.00000

   Energies (kJ/mol)
           Bond          Angle    Proper Dih. Ryckaert-Bell.  Improper Dih.
    3.82902e+03    4.17373e+03    1.42549e+03    3.59926e+02    1.24450e+02
 Per. Imp. Dih.          LJ-14     Coulomb-14        LJ (SR)  Disper. corr.
    6.83624e+01    4.62856e+02   -1.01183e+05   -5.79670e+03   -1.48726e+02
   Coulomb (SR)   Coul. recip.      Potential    Kinetic En.   Total Energy
    6.98275e+04    1.36212e+03   -2.54948e+04    1.07548e+04   -1.47400e+04
  Conserved En.    Temperature Pres. DC (bar) Pressure (bar)
   -1.78478e+04    2.92814e+02   -3.05886e+01   -5.15300e+02

           Step           Time
         430000      430.00000

   Energies (kJ/mol)
           Bond          Angle    Proper Dih. Ryckaert-Bell.  Improper Dih.
    3.87112e+03    4.12331e+03    1.41416e+03    3.98592e+02    1.12095e+02
 Per. Imp. Dih.          LJ-14     Coulomb-14        LJ (SR)  Disper. corr.
    7.22726e+01    4.37294e+02   -1.00804e+05   -5.79744e+03   -1.48726e+02
   Coulomb (SR)   Coul. recip.      Potential    Kinetic En.   Total Energy
    6.94812e+04    1.36450e+03   -2.54753e+04    1.09008e+04   -1.45746e+04
  Conserved En.    Temperature Pres. DC (bar) Pressure (bar)
   -1.78604e+04    2.96788e+02   -3.05886e+01   -1.72021e+02

           Step           Time
         440000      440.00000

   Energies (kJ/mol)
           Bond          Angle    Proper Dih. Ryckaert-Bell.  Improper Dih.
    3.84941e+03    3.94037e+03    1.50468e+03    3.35424e+02    1.26351e+02
 Per. Imp. Dih.          LJ-14     Coulomb-14        LJ (SR)  Disper. corr.
    5.91612e+01    4.41609e+02   -1.00936e+05   -5.78337e+03   -1.48726e+02
   Coulomb (SR)   Coul. recip.      Potential    Kinetic En.   Total Energy
    6.96636e+04    1.34880e+03   -2.55982e+04    1.08901e+04   -1.47082e+04
  Conserved En.    Temperature Pres. DC (bar) Pressure (bar)
   -1.78754e+04    2.96497e+02   -3.05886e+01   -9.82284e+01

           Step           Time
         450000      450.00000

   Energies (kJ/mol)
           Bond          Angle    Proper Dih. Ryckaert-Bell.  Improper Dih.
    4.06139e+03    4.28597e+03    1.46267e+03    3.93234e+02    1.14614e+02
 Per. Imp. Dih.          LJ-14     Coulomb-14        LJ (SR)  Disper. corr.
    6.71852e+01    4.58772e+02   -1.00844e+05   -5.78009e+03   -1.48726e+02
   Coulomb (SR)   Coul. recip.      Potential    Kinetic En.   Total Energy
    6.96431e+04    1.38673e+03   -2.48990e+04    1.13346e+04   -1.35644e+04
  Conserved En.    Temperature Pres. DC (bar) Pressure (bar)
   -1.78892e+04    3.08599e+02   -3.05886e+01   -3.93986e+02

           Step           Time
         460000      460.00000

   Energies (kJ/mol)
           Bond          Angle    Proper Dih. Ryckaert-Bell.  Improper Dih.
    4.01119e+03    4.01704e+03    1.52677e+03    3.83989e+02    1.20136e+02
 Per. Imp. Dih.          LJ-14     Coulomb-14        LJ (SR)  Disper. corr.
    7.07437e+01    4.62526e+02   -1.01019e+05   -5.77843e+03   -1.48726e+02
   Coulomb (SR)   Coul. recip.      Potential    Kinetic En.   Total Energy
    6.97164e+04    1.36998e+03   -2.52670e+04    1.09012e+04   -1.43659e+04
  Conserved En.    Temperature Pres. DC (bar) Pressure (bar)
   -1.78742e+04    2.96799e+02   -3.05886e+01    8.62768e+02

           Step           Time
         470000      470.00000

   Energies (kJ/mol)
           Bond          Angle    Proper Dih. Ryckaert-Bell.  Improper Dih.
    4.04926e+03    4.22253e+03    1.45366e+03    3.64400e+02    1.13836e+02
 Per. Imp. Dih.          LJ-14     Coulomb-14        LJ (SR)  Disper. corr.
    6.59834e+01    4.51381e+02   -1.00886e+05   -5.74251e+03   -1.48726e+02
   Coulomb (SR)   Coul. recip.      Potential    Kinetic En.   Total Energy
    6.96132e+04    1.37666e+03   -2.50663e+04    1.09139e+04   -1.41523e+04
  Conserved En.    Temperature Pres. DC (bar) Pressure (bar)
   -1.78915e+04    2.97147e+02   -3.05886e+01   -1.07568e+03

           Step           Time
         480000      480.00000

   Energies (kJ/mol)
           Bond          Angle    Proper Dih. Ryckaert-Bell.  Improper Dih.
    4.11412e+03    4.16046e+03    1.47022e+03    3.73620e+02    1.21572e+02
 Per. Imp. Dih.          LJ-14     Coulomb-14        LJ (SR)  Disper. corr.
    6.54544e+01    5.05464e+02   -1.01041e+05   -5.75881e+03   -1.48726e+02
   Coulomb (SR)   Coul. recip.      Potential    Kinetic En.   Total Energy
    6.96640e+04    1.37478e+03   -2.50988e+04    1.12489e+04   -1.38499e+04
  Conserved En.    Temperature Pres. DC (bar) Pressure (bar)
   -1.79118e+04    3.06266e+02   -3.05886e+01    3.88032e+02

           Step           Time
         490000      490.00000

   Energies (kJ/mol)
           Bond          Angle    Proper Dih. Ryckaert-Bell.  Improper Dih.
    4.14665e+03    4.04557e+03    1.52296e+03    4.32400e+02    1.28929e+02
 Per. Imp. Dih.          LJ-14     Coulomb-14        LJ (SR)  Disper. corr.
    8.64976e+01    4.56355e+02   -1.00938e+05   -5.70489e+03   -1.48726e+02
   Coulomb (SR)   Coul. recip.      Potential    Kinetic En.   Total Energy
    6.95627e+04    1.33501e+03   -2.50749e+04    1.10515e+04   -1.40233e+04
  Conserved En.    Temperature Pres. DC (bar) Pressure (bar)
   -1.79213e+04    3.00893e+02   -3.05886e+01   -5.18264e+02

           Step           Time
         500000      500.00000

   Energies (kJ/mol)
           Bond          Angle    Proper Dih. Ryckaert-Bell.  Improper Dih.
    3.94858e+03    4.03351e+03    1.54598e+03    4.27050e+02    1.23846e+02
 Per. Imp. Dih.          LJ-14     Coulomb-14        LJ (SR)  Disper. corr.
    7.84979e+01    4.69699e+02   -1.00777e+05   -5.75398e+03   -1.48726e+02
   Coulomb (SR)   Coul. recip.      Potential    Kinetic En.   Total Energy
    6.94895e+04    1.32943e+03   -2.52332e+04    1.09893e+04   -1.42439e+04
  Conserved En.    Temperature Pres. DC (bar) Pressure (bar)
   -1.79365e+04    2.99200e+02   -3.05886e+01   -5.06997e+02

           Step           Time
         510000      510.00000

   Energies (kJ/mol)
           Bond          Angle    Proper Dih. Ryckaert-Bell.  Improper Dih.
    3.92763e+03    4.07963e+03    1.40910e+03    3.79349e+02    1.20424e+02
 Per. Imp. Dih.          LJ-14     Coulomb-14        LJ (SR)  Disper. corr.
    6.58987e+01    4.73350e+02   -1.00900e+05   -5.67716e+03   -1.48726e+02
   Coulomb (SR)   Coul. recip.      Potential    Kinetic En.   Total Energy
    6.96563e+04    1.36270e+03   -2.52510e+04    1.10314e+04   -1.42196e+04
  Conserved En.    Temperature Pres. DC (bar) Pressure (bar)
   -1.79637e+04    3.00344e+02   -3.05886e+01   -8.44373e+02

           Step           Time
         520000      520.00000

   Energies (kJ/mol)
           Bond          Angle    Proper Dih. Ryckaert-Bell.  Improper Dih.
    3.96869e+03    4.15929e+03    1.51154e+03    4.03899e+02    1.22220e+02
 Per. Imp. Dih.          LJ-14     Coulomb-14        LJ (SR)  Disper. corr.
    8.02837e+01    4.82753e+02   -1.00813e+05   -5.74919e+03   -1.48726e+02
   Coulomb (SR)   Coul. recip.      Potential    Kinetic En.   Total Energy
    6.95512e+04    1.35466e+03   -2.50762e+04    1.08489e+04   -1.42272e+04
  Conserved En.    Temperature Pres. DC (bar) Pressure (bar)
   -1.79511e+04    2.95377e+02   -3.05886e+01   -5.84210e+02

           Step           Time
         530000      530.00000

   Energies (kJ/mol)
           Bond          Angle    Proper Dih. Ryckaert-Bell.  Improper Dih.
    4.00386e+03    4.07064e+03    1.56218e+03    4.00238e+02    1.27976e+02
 Per. Imp. Dih.          LJ-14     Coulomb-14        LJ (SR)  Disper. corr.
    7.98644e+01    4.91475e+02   -1.00752e+05   -5.74713e+03   -1.48726e+02
   Coulomb (SR)   Coul. recip.      Potential    Kinetic En.   Total Energy
    6.94423e+04    1.33294e+03   -2.51367e+04    1.11417e+04   -1.39950e+04
  Conserved En.    Temperature Pres. DC (bar) Pressure (bar)
   -1.79692e+04    3.03347e+02   -3.05886e+01    5.86115e+02

           Step           Time
         540000      540.00000

   Energies (kJ/mol)
           Bond          Angle    Proper Dih. Ryckaert-Bell.  Improper Dih.
    3.91402e+03    4.27818e+03    1.51713e+03    3.65137e+02    1.30672e+02
 Per. Imp. Dih.          LJ-14     Coulomb-14        LJ (SR)  Disper. corr.
    6.08502e+01    4.53910e+02   -1.00862e+05   -5.63739e+03   -1.48726e+02
   Coulomb (SR)   Coul. recip.      Potential    Kinetic En.   Total Energy
    6.95490e+04    1.35295e+03   -2.50262e+04    1.08945e+04   -1.41317e+04
  Conserved En.    Temperature Pres. DC (bar) Pressure (bar)
   -1.79873e+04    2.96616e+02   -3.05886e+01   -3.12417e+02

           Step           Time
         550000      550.00000

   Energies (kJ/mol)
           Bond          Angle    Proper Dih. Ryckaert-Bell.  Improper Dih.
    4.02239e+03    4.17247e+03    1.37380e+03    3.72050e+02    1.04657e+02
 Per. Imp. Dih.          LJ-14     Coulomb-14        LJ (SR)  Disper. corr.
    6.62526e+01    5.03309e+02   -1.00567e+05   -5.78488e+03   -1.48726e+02
   Coulomb (SR)   Coul. recip.      Potential    Kinetic En.   Total Energy
    6.93721e+04    1.34722e+03   -2.51667e+04    1.09576e+04   -1.42091e+04
  Conserved En.    Temperature Pres. DC (bar) Pressure (bar)
   -1.79871e+04    2.98335e+02   -3.05886e+01    5.30023e+02

           Step           Time
         560000      560.00000

   Energies (kJ/mol)
           Bond          Angle    Proper Dih. Ryckaert-Bell.  Improper Dih.
    4.02227e+03    4.15279e+03    1.41208e+03    3.96521e+02    1.14995e+02
 Per. Imp. Dih.          LJ-14     Coulomb-14        LJ (SR)  Disper. corr.
    7.44635e+01    4.97090e+02   -1.01062e+05   -5.72493e+03   -1.48726e+02
   Coulomb (SR)   Coul. recip.      Potential    Kinetic En.   Total Energy
    6.97423e+04    1.35701e+03   -2.51660e+04    1.09376e+04   -1.42284e+04
  Conserved En.    Temperature Pres. DC (bar) Pressure (bar)
   -1.79970e+04    2.97791e+02   -3.05886e+01    8.96374e+01

           Step           Time
         570000      570.00000

   Energies (kJ/mol)
           Bond          Angle    Proper Dih. Ryckaert-Bell.  Improper Dih.
    3.96178e+03    4.20840e+03    1.50205e+03    4.38067e+02    1.24519e+02
 Per. Imp. Dih.          LJ-14     Coulomb-14        LJ (SR)  Disper. corr.
    8.54809e+01    4.64690e+02   -1.00842e+05   -5.79026e+03   -1.48726e+02
   Coulomb (SR)   Coul. recip.      Potential    Kinetic En.   Total Energy
    6.95053e+04    1.37766e+03   -2.51130e+04    1.11171e+04   -1.39958e+04
  Conserved En.    Temperature Pres. DC (bar) Pressure (bar)
   -1.80203e+04    3.02679e+02   -3.05886e+01   -4.53299e+02

           Step           Time
         580000      580.00000

   Energies (kJ/mol)
           Bond          Angle    Proper Dih. Ryckaert-Bell.  Improper Dih.
    3.95588e+03    4.14908e+03    1.49537e+03    3.77467e+02    1.25505e+02
 Per. Imp. Dih.          LJ-14     Coulomb-14        LJ (SR)  Disper. corr.
    6.91394e+01    4.78197e+02   -1.01016e+05   -5.72287e+03   -1.48726e+02
   Coulomb (SR)   Coul. recip.      Potential    Kinetic En.   Total Energy
    6.96971e+04    1.35278e+03   -2.51875e+04    1.11595e+04   -1.40280e+04
  Conserved En.    Temperature Pres. DC (bar) Pressure (bar)
   -1.80375e+04    3.03832e+02   -3.05886e+01   -1.02451e+02

           Step           Time
         590000      590.00000

   Energies (kJ/mol)
           Bond          Angle    Proper Dih. Ryckaert-Bell.  Improper Dih.
    4.00915e+03    4.02191e+03    1.46188e+03    3.46013e+02    1.24573e+02
 Per. Imp. Dih.          LJ-14     Coulomb-14        LJ (SR)  Disper. corr.
    6.46194e+01    4.69795e+02   -1.00990e+05   -5.79755e+03   -1.48726e+02
   Coulomb (SR)   Coul. recip.      Potential    Kinetic En.   Total Energy
    6.96533e+04    1.34117e+03   -2.54436e+04    1.06522e+04   -1.47914e+04
  Conserved En.    Temperature Pres. DC (bar) Pressure (bar)
   -1.80372e+04    2.90020e+02   -3.05886e+01   -6.03645e+02

           Step           Time
         600000      600.00000

   Energies (kJ/mol)
           Bond          Angle    Proper Dih. Ryckaert-Bell.  Improper Dih.
    3.87829e+03    4.14134e+03    1.46345e+03    4.09209e+02    1.20920e+02
 Per. Imp. Dih.          LJ-14     Coulomb-14        LJ (SR)  Disper. corr.
    7.31858e+01    4.80112e+02   -1.00968e+05   -5.83179e+03   -1.48726e+02
   Coulomb (SR)   Coul. recip.      Potential    Kinetic En.   Total Energy
    6.96605e+04    1.37171e+03   -2.53503e+04    1.07835e+04   -1.45667e+04
  Conserved En.    Temperature Pres. DC (bar) Pressure (bar)
   -1.80554e+04    2.93597e+02   -3.05886e+01   -2.44629e+01

           Step           Time
         610000      610.00000

   Energies (kJ/mol)
           Bond          Angle    Proper Dih. Ryckaert-Bell.  Improper Dih.
    3.94098e+03    4.21325e+03    1.51053e+03    3.96463e+02    1.28021e+02
 Per. Imp. Dih.          LJ-14     Coulomb-14        LJ (SR)  Disper. corr.
    6.96960e+01    4.73275e+02   -1.01048e+05   -5.83228e+03   -1.48726e+02
   Coulomb (SR)   Coul. recip.      Potential    Kinetic En.   Total Energy
    6.96739e+04    1.34062e+03   -2.52824e+04    1.12194e+04   -1.40629e+04
  Conserved En.    Temperature Pres. DC (bar) Pressure (bar)
   -1.80726e+04    3.05464e+02   -3.05886e+01   -2.65279e+02

           Step           Time
         620000      620.00000

   Energies (kJ/mol)
           Bond          Angle    Proper Dih. Ryckaert-Bell.  Improper Dih.
    4.05182e+03    4.24340e+03    1.52962e+03    3.88111e+02    1.32051e+02
 Per. Imp. Dih.          LJ-14     Coulomb-14        LJ (SR)  Disper. corr.
    6.90776e+01    4.44352e+02   -1.00838e+05   -5.77880e+03   -1.48726e+02
   Coulomb (SR)   Coul. recip.      Potential    Kinetic En.   Total Energy
    6.95738e+04    1.33860e+03   -2.49948e+04    1.12465e+04   -1.37484e+04
  Conserved En.    Temperature Pres. DC (bar) Pressure (bar)
   -1.80761e+04    3.06200e+02   -3.05886e+01   -6.02043e+02

           Step           Time
         630000      630.00000

   Energies (kJ/mol)
           Bond          Angle    Proper Dih. Ryckaert-Bell.  Improper Dih.
    4.14326e+03    4.15424e+03    1.40414e+03    4.27220e+02    1.10536e+02
 Per. Imp. Dih.          LJ-14     Coulomb-14        LJ (SR)  Disper. corr.
    7.50106e+01    4.90853e+02   -1.00970e+05   -5.74862e+03   -1.48726e+02
   Coulomb (SR)   Coul. recip.      Potential    Kinetic En.   Total Energy
    6.97397e+04    1.35593e+03   -2.49665e+04    1.13878e+04   -1.35787e+04
  Conserved En.    Temperature Pres. DC (bar) Pressure (bar)
   -1.80894e+04    3.10049e+02   -3.05886e+01   -6.95466e+01

           Step           Time
         640000      640.00000

   Energies (kJ/mol)
           Bond          Angle    Proper Dih. Ryckaert-Bell.  Improper Dih.
    4.12960e+03    4.11781e+03    1.45346e+03    4.44294e+02    1.19061e+02
 Per. Imp. Dih.          LJ-14     Coulomb-14        LJ (SR)  Disper. corr.
    7.79407e+01    5.00885e+02   -1.00875e+05   -5.82223e+03   -1.48726e+02
   Coulomb (SR)   Coul. recip.      Potential    Kinetic En.   Total Energy
    6.96630e+04    1.35906e+03   -2.49808e+04    1.10836e+04   -1.38972e+04
  Conserved En.    Temperature Pres. DC (bar) Pressure (bar)
   -1.80940e+04    3.01766e+02   -3.05886e+01   -5.67304e+02

           Step           Time
         650000      650.00000

   Energies (kJ/mol)
           Bond          Angle    Proper Dih. Ryckaert-Bell.  Improper Dih.
    3.95586e+03    4.08380e+03    1.59156e+03    3.64459e+02    1.25063e+02
 Per. Imp. Dih.          LJ-14     Coulomb-14        LJ (SR)  Disper. corr.
    6.57256e+01    4.65420e+02   -1.00849e+05   -5.89123e+03   -1.48726e+02
   Coulomb (SR)   Coul. recip.      Potential    Kinetic En.   Total Energy
    6.95745e+04    1.35641e+03   -2.53065e+04    1.09162e+04   -1.43903e+04
  Conserved En.    Temperature Pres. DC (bar) Pressure (bar)
   -1.81069e+04    2.97209e+02   -3.05886e+01   -6.55552e+02

           Step           Time
         660000      660.00000

   Energies (kJ/mol)
           Bond          Angle    Proper Dih. Ryckaert-Bell.  Improper Dih.
    3.95235e+03    4.23846e+03    1.48005e+03    3.80356e+02    1.18928e+02
 Per. Imp. Dih.          LJ-14     Coulomb-14        LJ (SR)  Disper. corr.
    6.86216e+01    4.88089e+02   -1.00818e+05   -5.80600e+03   -1.48726e+02
   Coulomb (SR)   Coul. recip.      Potential    Kinetic En.   Total Energy
    6.95687e+04    1.34947e+03   -2.51273e+04    1.09609e+04   -1.41664e+04
  Conserved En.    Temperature Pres. DC (bar) Pressure (bar)
   -1.81184e+04    2.98425e+02   -3.05886e+01   -3.30589e+02

           Step           Time
         670000      670.00000

   Energies (kJ/mol)
           Bond          Angle    Proper Dih. Ryckaert-Bell.  Improper Dih.
    3.90036e+03    4.14048e+03    1.42056e+03    3.65098e+02    1.14571e+02
 Per. Imp. Dih.          LJ-14     Coulomb-14        LJ (SR)  Disper. corr.
    7.13009e+01    4.69701e+02   -1.01060e+05   -5.78244e+03   -1.48726e+02
   Coulomb (SR)   Coul. recip.      Potential    Kinetic En.   Total Energy
    6.97336e+04    1.37263e+03   -2.54029e+04    1.11155e+04   -1.42874e+04
  Conserved En.    Temperature Pres. DC (bar) Pressure (bar)
   -1.81358e+04    3.02635e+02   -3.05886e+01   -9.36358e+02

           Step           Time
         680000      680.00000

   Energies (kJ/mol)
           Bond          Angle    Proper Dih. Ryckaert-Bell.  Improper Dih.
    4.02899e+03    4.23396e+03    1.53910e+03    3.94089e+02    1.26043e+02
 Per. Imp. Dih.          LJ-14     Coulomb-14        LJ (SR)  Disper. corr.
    6.60483e+01    4.89877e+02   -1.00795e+05   -5.86419e+03   -1.48726e+02
   Coulomb (SR)   Coul. recip.      Potential    Kinetic En.   Total Energy
    6.94898e+04    1.34782e+03   -2.50925e+04    1.11858e+04   -1.39067e+04
  Conserved En.    Temperature Pres. DC (bar) Pressure (bar)
   -1.81440e+04    3.04549e+02   -3.05886e+01   -1.18366e+02

           Step           Time
         690000      690.00000

   Energies (kJ/mol)
           Bond          Angle    Proper Dih. Ryckaert-Bell.  Improper Dih.
    4.21484e+03    4.06391e+03    1.49904e+03    3.63025e+02    1.16897e+02
 Per. Imp. Dih.          LJ-14     Coulomb-14        LJ (SR)  Disper. corr.
    6.78423e+01    4.79289e+02   -1.00791e+05   -5.90483e+03   -1.48726e+02
   Coulomb (SR)   Coul. recip.      Potential    Kinetic En.   Total Energy
    6.95068e+04    1.35174e+03   -2.51811e+04    1.10390e+04   -1.41420e+04
  Conserved En.    Temperature Pres. DC (bar) Pressure (bar)
   -1.81364e+04    3.00552e+02   -3.05886e+01   -1.06604e+03

           Step           Time
         700000      700.00000

   Energies (kJ/mol)
           Bond          Angle    Proper Dih. Ryckaert-Bell.  Improper Dih.
    4.04423e+03    4.04008e+03    1.38676e+03    3.91594e+02    1.25168e+02
 Per. Imp. Dih.          LJ-14     Coulomb-14        LJ (SR)  Disper. corr.
    7.09238e+01    4.60618e+02   -1.00829e+05   -5.81464e+03   -1.48726e+02
   Coulomb (SR)   Coul. recip.      Potential    Kinetic En.   Total Energy
    6.96195e+04    1.38270e+03   -2.52711e+04    1.09570e+04   -1.43141e+04
  Conserved En.    Temperature Pres. DC (bar) Pressure (bar)
   -1.81452e+04    2.98320e+02   -3.05886e+01   -5.00563e+02

           Step           Time
         710000      710.00000

   Energies (kJ/mol)
           Bond          Angle    Proper Dih. Ryckaert-Bell.  Improper Dih.
    3.92603e+03    4.09827e+03    1.49651e+03    4.15301e+02    1.37894e+02
 Per. Imp. Dih.          LJ-14     Coulomb-14        LJ (SR)  Disper. corr.
    7.01614e+01    4.60292e+02   -1.01030e+05   -5.86943e+03   -1.48726e+02
   Coulomb (SR)   Coul. recip.      Potential    Kinetic En.   Total Energy
    6.97805e+04    1.36604e+03   -2.52971e+04    1.10126e+04   -1.42845e+04
  Conserved En.    Temperature Pres. DC (bar) Pressure (bar)
   -1.81771e+04    2.99832e+02   -3.05886e+01   -5.76511e+02

           Step           Time
         720000      720.00000

   Energies (kJ/mol)
           Bond          Angle    Proper Dih. Ryckaert-Bell.  Improper Dih.
    3.99706e+03    4.13979e+03    1.51336e+03    4.20298e+02    1.24959e+02
 Per. Imp. Dih.          LJ-14     Coulomb-14        LJ (SR)  Disper. corr.
    8.36736e+01    4.53591e+02   -1.00789e+05   -5.73225e+03   -1.48726e+02
   Coulomb (SR)   Coul. recip.      Potential    Kinetic En.   Total Energy
    6.95057e+04    1.35603e+03   -2.50760e+04    1.08992e+04   -1.41768e+04
  Conserved En.    Temperature Pres. DC (bar) Pressure (bar)
   -1.81819e+04    2.96745e+02   -3.05886e+01   -9.17690e+02

           Step           Time
         730000      730.00000

   Energies (kJ/mol)
           Bond          Angle    Proper Dih. Ryckaert-Bell.  Improper Dih.
    4.16570e+03    4.17819e+03    1.47073e+03    3.69092e+02    1.15198e+02
 Per. Imp. Dih.          LJ-14     Coulomb-14        LJ (SR)  Disper. corr.
    6.46297e+01    4.57595e+02   -1.00955e+05   -5.81647e+03   -1.48726e+02
   Coulomb (SR)   Coul. recip.      Potential    Kinetic En.   Total Energy
    6.96870e+04    1.41738e+03   -2.49944e+04    1.11364e+04   -1.38580e+04
  Conserved En.    Temperature Pres. DC (bar) Pressure (bar)
   -1.81982e+04    3.03203e+02   -3.05886e+01   -8.72562e+01

           Step           Time
         740000      740.00000

   Energies (kJ/mol)
           Bond          Angle    Proper Dih. Ryckaert-Bell.  Improper Dih.
    4.01440e+03    4.03382e+03    1.45966e+03    4.15209e+02    1.22183e+02
 Per. Imp. Dih.          LJ-14     Coulomb-14        LJ (SR)  Disper. corr.
    7.71119e+01    5.20654e+02   -1.01084e+05   -5.91444e+03   -1.48726e+02
   Coulomb (SR)   Coul. recip.      Potential    Kinetic En.   Total Energy
    6.98101e+04    1.38235e+03   -2.53112e+04    1.08102e+04   -1.45010e+04
  Conserved En.    Temperature Pres. DC (bar) Pressure (bar)
   -1.82179e+04    2.94322e+02   -3.05886e+01   -3.24850e+02

           Step           Time
         750000      750.00000

   Energies (kJ/mol)
           Bond          Angle    Proper Dih. Ryckaert-Bell.  Improper Dih.
    3.87508e+03    4.19106e+03    1.50830e+03    3.86846e+02    1.23911e+02
 Per. Imp. Dih.          LJ-14     Coulomb-14        LJ (SR)  Disper. corr.
    7.67285e+01    4.72280e+02   -1.01015e+05   -5.77343e+03   -1.48726e+02
   Coulomb (SR)   Coul. recip.      Potential    Kinetic En.   Total Energy
    6.97011e+04    1.34548e+03   -2.52563e+04    1.09781e+04   -1.42782e+04
  Conserved En.    Temperature Pres. DC (bar) Pressure (bar)
   -1.82223e+04    2.98893e+02   -3.05886e+01   -7.26691e+02

           Step           Time
         760000      760.00000

   Energies (kJ/mol)
           Bond          Angle    Proper Dih. Ryckaert-Bell.  Improper Dih.
    3.93772e+03    4.01101e+03    1.50056e+03    3.92093e+02    1.24093e+02
 Per. Imp. Dih.          LJ-14     Coulomb-14        LJ (SR)  Disper. corr.
    7.20281e+01    4.85851e+02   -1.01115e+05   -5.75532e+03   -1.48726e+02
   Coulomb (SR)   Coul. recip.      Potential    Kinetic En.   Total Energy
    6.97463e+04    1.33488e+03   -2.54144e+04    1.12163e+04   -1.41981e+04
  Conserved En.    Temperature Pres. DC (bar) Pressure (bar)
   -1.82444e+04    3.05379e+02   -3.05886e+01    1.39157e+02

           Step           Time
         770000      770.00000

   Energies (kJ/mol)
           Bond          Angle    Proper Dih. Ryckaert-Bell.  Improper Dih.
    3.88232e+03    4.19149e+03    1.45499e+03    4.26564e+02    1.23840e+02
 Per. Imp. Dih.          LJ-14     Coulomb-14        LJ (SR)  Disper. corr.
    7.85699e+01    4.67561e+02   -1.00875e+05   -5.73371e+03   -1.48726e+02
   Coulomb (SR)   Coul. recip.      Potential    Kinetic En.   Total Energy
    6.95379e+04    1.35387e+03   -2.52406e+04    1.10536e+04   -1.41870e+04
  Conserved En.    Temperature Pres. DC (bar) Pressure (bar)
   -1.82496e+04    3.00948e+02   -3.05886e+01   -3.18786e+02

           Step           Time
         780000      780.00000

   Energies (kJ/mol)
           Bond          Angle    Proper Dih. Ryckaert-Bell.  Improper Dih.
    4.07766e+03    4.02026e+03    1.32597e+03    3.93602e+02    1.11873e+02
 Per. Imp. Dih.          LJ-14     Coulomb-14        LJ (SR)  Disper. corr.
    6.74473e+01    4.31210e+02   -1.00899e+05   -5.82501e+03   -1.48726e+02
   Coulomb (SR)   Coul. recip.      Potential    Kinetic En.   Total Energy
    6.97145e+04    1.38240e+03   -2.53482e+04    1.13279e+04   -1.40203e+04
  Conserved En.    Temperature Pres. DC (bar) Pressure (bar)
   -1.82630e+04    3.08417e+02   -3.05886e+01   -6.73307e+02

           Step           Time
         790000      790.00000

   Energies (kJ/mol)
           Bond          Angle    Proper Dih. Ryckaert-Bell.  Improper Dih.
    3.98986e+03    4.29167e+03    1.46897e+03    3.97153e+02    1.20546e+02
 Per. Imp. Dih.          LJ-14     Coulomb-14        LJ (SR)  Disper. corr.
    7.59378e+01    4.90192e+02   -1.00761e+05   -5.78943e+03   -1.48726e+02
   Coulomb (SR)   Coul. recip.      Potential    Kinetic En.   Total Energy
    6.94570e+04    1.36224e+03   -2.50453e+04    1.12053e+04   -1.38400e+04
  Conserved En.    Temperature Pres. DC (bar) Pressure (bar)
   -1.82755e+04    3.05080e+02   -3.05886e+01   -1.02207e+03

           Step           Time
         800000      800.00000

   Energies (kJ/mol)
           Bond          Angle    Proper Dih. Ryckaert-Bell.  Improper Dih.
    3.92565e+03    4.04584e+03    1.43739e+03    3.48932e+02    1.26205e+02
 Per. Imp. Dih.          LJ-14     Coulomb-14        LJ (SR)  Disper. corr.
    6.36540e+01    4.60143e+02   -1.00731e+05   -5.83425e+03   -1.48726e+02
   Coulomb (SR)   Coul. recip.      Potential    Kinetic En.   Total Energy
    6.95316e+04    1.33465e+03   -2.54400e+04    1.10151e+04   -1.44250e+04
  Conserved En.    Temperature Pres. DC (bar) Pressure (bar)
   -1.82912e+04    2.99900e+02   -3.05886e+01   -2.91246e+02

           Step           Time
         810000      810.00000

   Energies (kJ/mol)
           Bond          Angle    Proper Dih. Ryckaert-Bell.  Improper Dih.
    4.24494e+03    4.27218e+03    1.39717e+03    4.05345e+02    1.22028e+02
 Per. Imp. Dih.          LJ-14     Coulomb-14        LJ (SR)  Disper. corr.
    6.89401e+01    4.67951e+02   -1.00943e+05   -5.79891e+03   -1.48726e+02
   Coulomb (SR)   Coul. recip.      Potential    Kinetic En.   Total Energy
    6.96318e+04    1.35262e+03   -2.49281e+04    1.09336e+04   -1.39945e+04
  Conserved En.    Temperature Pres. DC (bar) Pressure (bar)
   -1.82773e+04    2.97682e+02   -3.05886e+01   -7.01140e+02

           Step           Time
         820000      820.00000

   Energies (kJ/mol)
           Bond          Angle    Proper Dih. Ryckaert-Bell.  Improper Dih.
    4.12968e+03    4.34139e+03    1.51580e+03    4.07784e+02    1.18481e+02
 Per. Imp. Dih.          LJ-14     Coulomb-14        LJ (SR)  Disper. corr.
    7.84120e+01    4.71573e+02   -1.00973e+05   -5.83660e+03   -1.48726e+02
   Coulomb (SR)   Coul. recip.      Potential    Kinetic En.   Total Energy
    6.97511e+04    1.34215e+03   -2.48016e+04    1.11199e+04   -1.36817e+04
  Conserved En.    Temperature Pres. DC (bar) Pressure (bar)
   -1.83009e+04    3.02755e+02   -3.05886e+01   -4.30013e+02

           Step           Time
         830000      830.00000

   Energies (kJ/mol)
           Bond          Angle    Proper Dih. Ryckaert-Bell.  Improper Dih.
    4.02955e+03    4.12348e+03    1.53973e+03    3.45961e+02    1.24484e+02
 Per. Imp. Dih.          LJ-14     Coulomb-14        LJ (SR)  Disper. corr.
    6.36019e+01    4.59368e+02   -1.00501e+05   -5.77937e+03   -1.48726e+02
   Coulomb (SR)   Coul. recip.      Potential    Kinetic En.   Total Energy
    6.93536e+04    1.32770e+03   -2.50616e+04    1.10745e+04   -1.39871e+04
  Conserved En.    Temperature Pres. DC (bar) Pressure (bar)
   -1.83110e+04    3.01518e+02   -3.05886e+01   -8.89176e+02

           Step           Time
         840000      840.00000

   Energies (kJ/mol)
           Bond          Angle    Proper Dih. Ryckaert-Bell.  Improper Dih.
    4.06835e+03    4.15510e+03    1.52035e+03    3.85268e+02    1.24452e+02
 Per. Imp. Dih.          LJ-14     Coulomb-14        LJ (SR)  Disper. corr.
    7.55744e+01    4.48101e+02   -1.00848e+05   -5.69529e+03   -1.48726e+02
   Coulomb (SR)   Coul. recip.      Potential    Kinetic En.   Total Energy
    6.95834e+04    1.36663e+03   -2.49643e+04    1.12665e+04   -1.36978e+04
  Conserved En.    Temperature Pres. DC (bar) Pressure (bar)
   -1.83317e+04    3.06746e+02   -3.05886e+01   -1.10829e+03

           Step           Time
         850000      850.00000

   Energies (kJ/mol)
           Bond          Angle    Proper Dih. Ryckaert-Bell.  Improper Dih.
    3.90035e+03    4.07039e+03    1.42253e+03    3.60996e+02    1.19897e+02
 Per. Imp. Dih.          LJ-14     Coulomb-14        LJ (SR)  Disper. corr.
    5.86692e+01    4.95983e+02   -1.00967e+05   -5.76068e+03   -1.48726e+02
   Coulomb (SR)   Coul. recip.      Potential    Kinetic En.   Total Energy
    6.96525e+04    1.38052e+03   -2.54150e+04    1.07073e+04   -1.47078e+04
  Conserved En.    Temperature Pres. DC (bar) Pressure (bar)
   -1.83453e+04    2.91520e+02   -3.05886e+01   -1.74298e+02

           Step           Time
         860000      860.00000

   Energies (kJ/mol)
           Bond          Angle    Proper Dih. Ryckaert-Bell.  Improper Dih.
    3.91767e+03    4.02343e+03    1.46083e+03    3.40235e+02    1.20333e+02
 Per. Imp. Dih.          LJ-14     Coulomb-14        LJ (SR)  Disper. corr.
    6.41093e+01    4.51625e+02   -1.00772e+05   -5.84654e+03   -1.48726e+02
   Coulomb (SR)   Coul. recip.      Potential    Kinetic En.   Total Energy
    6.95673e+04    1.36804e+03   -2.54535e+04    1.08632e+04   -1.45903e+04
  Conserved En.    Temperature Pres. DC (bar) Pressure (bar)
   -1.83593e+04    2.95765e+02   -3.05886e+01   -3.31516e+02

           Step           Time
         870000      870.00000

   Energies (kJ/mol)
           Bond          Angle    Proper Dih. Ryckaert-Bell.  Improper Dih.
    3.97891e+03    4.11605e+03    1.36223e+03    3.85093e+02    1.16285e+02
 Per. Imp. Dih.          LJ-14     Coulomb-14        LJ (SR)  Disper. corr.
    6.24906e+01    4.73130e+02   -1.00766e+05   -5.87759e+03   -1.48726e+02
   Coulomb (SR)   Coul. recip.      Potential    Kinetic En.   Total Energy
    6.95495e+04    1.36706e+03   -2.53812e+04    1.09520e+04   -1.44292e+04
  Conserved En.    Temperature Pres. DC (bar) Pressure (bar)
   -1.83518e+04    2.98183e+02   -3.05886e+01   -3.14480e+01

           Step           Time
         880000      880.00000

   Energies (kJ/mol)
           Bond          Angle    Proper Dih. Ryckaert-Bell.  Improper Dih.
    4.17409e+03    4.19526e+03    1.48590e+03    4.12595e+02    1.24303e+02
 Per. Imp. Dih.          LJ-14     Coulomb-14        LJ (SR)  Disper. corr.
    8.24536e+01    4.69714e+02   -1.00682e+05   -5.84645e+03   -1.48726e+02
   Coulomb (SR)   Coul. recip.      Potential    Kinetic En.   Total Energy
    6.93694e+04    1.35459e+03   -2.50089e+04    1.09753e+04   -1.40336e+04
  Conserved En.    Temperature Pres. DC (bar) Pressure (bar)
   -1.83693e+04    2.98818e+02   -3.05886e+01   -1.33263e+03

           Step           Time
         890000      890.00000

   Energies (kJ/mol)
           Bond          Angle    Proper Dih. Ryckaert-Bell.  Improper Dih.
    4.12227e+03    4.13340e+03    1.45279e+03    4.38910e+02    1.16778e+02
 Per. Imp. Dih.          LJ-14     Coulomb-14        LJ (SR)  Disper. corr.
    8.77524e+01    4.72970e+02   -1.01033e+05   -5.88027e+03   -1.48726e+02
   Coulomb (SR)   Coul. recip.      Potential    Kinetic En.   Total Energy
    6.96579e+04    1.36430e+03   -2.52150e+04    1.10570e+04   -1.41580e+04
  Conserved En.    Temperature Pres. DC (bar) Pressure (bar)
   -1.83742e+04    3.01041e+02   -3.05886e+01   -2.34031e+02

           Step           Time
         900000      900.00000

   Energies (kJ/mol)
           Bond          Angle    Proper Dih. Ryckaert-Bell.  Improper Dih.
    3.95324e+03    4.09486e+03    1.49876e+03    3.36804e+02    1.15757e+02
 Per. Imp. Dih.          LJ-14     Coulomb-14        LJ (SR)  Disper. corr.
    7.02748e+01    4.68331e+02   -1.00982e+05   -5.87064e+03   -1.48726e+02
   Coulomb (SR)   Coul. recip.      Potential    Kinetic En.   Total Energy
    6.97014e+04    1.38146e+03   -2.53810e+04    1.08228e+04   -1.45582e+04
  Conserved En.    Temperature Pres. DC (bar) Pressure (bar)
   -1.83881e+04    2.94664e+02   -3.05886e+01    1.85476e+02

           Step           Time
         910000      910.00000

   Energies (kJ/mol)
           Bond          Angle    Proper Dih. Ryckaert-Bell.  Improper Dih.
    4.12009e+03    4.31433e+03    1.51383e+03    3.82031e+02    1.28538e+02
 Per. Imp. Dih.          LJ-14     Coulomb-14        LJ (SR)  Disper. corr.
    7.17219e+01    4.32161e+02   -1.00810e+05   -5.82955e+03   -1.48726e+02
   Coulomb (SR)   Coul. recip.      Potential    Kinetic En.   Total Energy
    6.96028e+04    1.34162e+03   -2.48810e+04    1.11836e+04   -1.36975e+04
  Conserved En.    Temperature Pres. DC (bar) Pressure (bar)
   -1.84038e+04    3.04488e+02   -3.05886e+01   -8.09116e+02

           Step           Time
         920000      920.00000

   Energies (kJ/mol)
           Bond          Angle    Proper Dih. Ryckaert-Bell.  Improper Dih.
    3.96516e+03    4.03335e+03    1.43937e+03    3.50240e+02    1.16608e+02
 Per. Imp. Dih.          LJ-14     Coulomb-14        LJ (SR)  Disper. corr.
    6.50746e+01    4.90901e+02   -1.00912e+05   -5.84591e+03   -1.48726e+02
   Coulomb (SR)   Coul. recip.      Potential    Kinetic En.   Total Energy
    6.96388e+04    1.38005e+03   -2.54275e+04    1.10168e+04   -1.44106e+04
  Conserved En.    Temperature Pres. DC (bar) Pressure (bar)
   -1.84270e+04    2.99948e+02   -3.05886e+01   -3.92636e+02

           Step           Time
         930000      930.00000

   Energies (kJ/mol)
           Bond          Angle    Proper Dih. Ryckaert-Bell.  Improper Dih.
    4.17075e+03    4.13622e+03    1.59072e+03    4.66280e+02    1.41438e+02
 Per. Imp. Dih.          LJ-14     Coulomb-14        LJ (SR)  Disper. corr.
    8.65180e+01    5.02257e+02   -1.00608e+05   -5.78727e+03   -1.48726e+02
   Coulomb (SR)   Coul. recip.      Potential    Kinetic En.   Total Energy
    6.93940e+04    1.35132e+03   -2.47048e+04    1.09890e+04   -1.37158e+04
  Conserved En.    Temperature Pres. DC (bar) Pressure (bar)
   -1.84146e+04    2.99190e+02   -3.05886e+01   -1.61936e+02

           Step           Time
         940000      940.00000

   Energies (kJ/mol)
           Bond          Angle    Proper Dih. Ryckaert-Bell.  Improper Dih.
    3.84206e+03    4.32351e+03    1.58986e+03    4.01544e+02    1.25210e+02
 Per. Imp. Dih.          LJ-14     Coulomb-14        LJ (SR)  Disper. corr.
    7.44558e+01    4.84137e+02   -1.00870e+05   -5.87005e+03   -1.48726e+02
   Coulomb (SR)   Coul. recip.      Potential    Kinetic En.   Total Energy
    6.95823e+04    1.35603e+03   -2.51095e+04    1.06236e+04   -1.44859e+04
  Conserved En.    Temperature Pres. DC (bar) Pressure (bar)
   -1.84360e+04    2.89241e+02   -3.05886e+01   -3.76247e+02

           Step           Time
         950000      950.00000

   Energies (kJ/mol)
           Bond          Angle    Proper Dih. Ryckaert-Bell.  Improper Dih.
    3.88264e+03    4.06464e+03    1.50709e+03    4.48056e+02    1.20045e+02
 Per. Imp. Dih.          LJ-14     Coulomb-14        LJ (SR)  Disper. corr.
    8.47813e+01    4.43724e+02   -1.00879e+05   -5.89973e+03   -1.48726e+02
   Coulomb (SR)   Coul. recip.      Potential    Kinetic En.   Total Energy
    6.96785e+04    1.32031e+03   -2.53775e+04    1.11463e+04   -1.42312e+04
  Conserved En.    Temperature Pres. DC (bar) Pressure (bar)
   -1.84644e+04    3.03473e+02   -3.05886e+01   -8.16945e+02

           Step           Time
         960000      960.00000

   Energies (kJ/mol)
           Bond          Angle    Proper Dih. Ryckaert-Bell.  Improper Dih.
    3.91800e+03    4.30558e+03    1.51451e+03    4.06055e+02    1.24502e+02
 Per. Imp. Dih.          LJ-14     Coulomb-14        LJ (SR)  Disper. corr.
    8.28696e+01    4.67436e+02   -1.00892e+05   -5.78107e+03   -1.48726e+02
   Coulomb (SR)   Coul. recip.      Potential    Kinetic En.   Total Energy
    6.96439e+04    1.35854e+03   -2.50000e+04    1.13033e+04   -1.36967e+04
  Conserved En.    Temperature Pres. DC (bar) Pressure (bar)
   -1.84722e+04    3.07748e+02   -3.05886e+01    6.80164e+01

           Step           Time
         970000      970.00000

   Energies (kJ/mol)
           Bond          Angle    Proper Dih. Ryckaert-Bell.  Improper Dih.
    3.99874e+03    4.12433e+03    1.42556e+03    3.56539e+02    1.24318e+02
 Per. Imp. Dih.          LJ-14     Coulomb-14        LJ (SR)  Disper. corr.
    6.55180e+01    4.68573e+02   -1.01103e+05   -5.80087e+03   -1.48726e+02
   Coulomb (SR)   Coul. recip.      Potential    Kinetic En.   Total Energy
    6.97837e+04    1.33743e+03   -2.53681e+04    1.10620e+04   -1.43061e+04
  Conserved En.    Temperature Pres. DC (bar) Pressure (bar)
   -1.84781e+04    3.01178e+02   -3.05886e+01   -4.92593e+02

           Step           Time
         980000      980.00000

   Energies (kJ/mol)
           Bond          Angle    Proper Dih. Ryckaert-Bell.  Improper Dih.
    4.07076e+03    4.15738e+03    1.45448e+03    3.97971e+02    1.19292e+02
 Per. Imp. Dih.          LJ-14     Coulomb-14        LJ (SR)  Disper. corr.
    8.13279e+01    4.68967e+02   -1.00943e+05   -5.92029e+03   -1.48726e+02
   Coulomb (SR)   Coul. recip.      Potential    Kinetic En.   Total Energy
    6.97189e+04    1.34700e+03   -2.51955e+04    1.11693e+04   -1.40262e+04
  Conserved En.    Temperature Pres. DC (bar) Pressure (bar)
   -1.84922e+04    3.04100e+02   -3.05886e+01   -3.50435e+02

           Step           Time
         990000      990.00000

   Energies (kJ/mol)
           Bond          Angle    Proper Dih. Ryckaert-Bell.  Improper Dih.
    4.23863e+03    4.16633e+03    1.53466e+03    4.34431e+02    1.33328e+02
 Per. Imp. Dih.          LJ-14     Coulomb-14        LJ (SR)  Disper. corr.
    7.90485e+01    4.67800e+02   -1.00779e+05   -5.92254e+03   -1.48726e+02
   Coulomb (SR)   Coul. recip.      Potential    Kinetic En.   Total Energy
    6.95890e+04    1.38448e+03   -2.48228e+04    1.14222e+04   -1.34006e+04
  Conserved En.    Temperature Pres. DC (bar) Pressure (bar)
   -1.84991e+04    3.10985e+02   -3.05886e+01   -5.84852e+02

           Step           Time
        1000000     1000.00000

Writing checkpoint, step 1000000 at Wed Dec 18 16:04:46 2024


   Energies (kJ/mol)
           Bond          Angle    Proper Dih. Ryckaert-Bell.  Improper Dih.
    4.07899e+03    4.20166e+03    1.43332e+03    3.91957e+02    1.16060e+02
 Per. Imp. Dih.          LJ-14     Coulomb-14        LJ (SR)  Disper. corr.
    7.26686e+01    4.87871e+02   -1.00876e+05   -5.71202e+03   -1.48726e+02
   Coulomb (SR)   Coul. recip.      Potential    Kinetic En.   Total Energy
    6.95977e+04    1.35980e+03   -2.49963e+04    1.14921e+04   -1.35042e+04
  Conserved En.    Temperature Pres. DC (bar) Pressure (bar)
   -1.85208e+04    3.12889e+02   -3.05886e+01   -7.81110e+02


Energy conservation over simulation part #1 of length 1000 ps, time 0 to 1000 ps
  Conserved energy drift: -2.95e-04 kJ/mol/ps per atom


	<======  ###############  ==>
	<====  A V E R A G E S  ====>
	<==  ###############  ======>

	Statistics over 1000001 steps using 50001 frames

   Energies (kJ/mol)
           Bond          Angle    Proper Dih. Ryckaert-Bell.  Improper Dih.
    3.97558e+03    4.12650e+03    1.47999e+03    3.93112e+02    1.21530e+02
 Per. Imp. Dih.          LJ-14     Coulomb-14        LJ (SR)  Disper. corr.
    7.21948e+01    4.74866e+02   -1.00902e+05   -5.74742e+03   -1.48726e+02
   Coulomb (SR)   Coul. recip.      Potential    Kinetic En.   Total Energy
    6.96309e+04    1.37544e+03   -2.51480e+04    1.10155e+04   -1.41325e+04
  Conserved En.    Temperature Pres. DC (bar) Pressure (bar)
   -1.79363e+04    2.99911e+02   -3.05886e+01   -3.42257e+02

   Total Virial (kJ/mol)
    4.57118e+03    2.52638e+02    1.58942e+00
    2.52638e+02    4.53830e+03   -6.39053e-01
    1.58946e+00   -6.39116e-01    4.40513e+03

   Pressure (bar)
   -3.70740e+02   -1.03843e+02   -6.04729e-01
   -1.03843e+02   -3.55919e+02   -2.92317e-02
   -6.04744e-01   -2.92059e-02   -3.00113e+02

  Epot (kJ/mol)        Coul-SR          LJ-SR        Coul-14          LJ-14   
        ZIF-ZIF    6.85469e+04   -3.88727e+03   -9.67129e+04   -2.83455e+02
        ZIF-MXL   -6.05609e+02   -1.30733e+03   -4.18897e+03    7.58321e+02
        MXL-MXL    1.68960e+03   -5.52820e+02    0.00000e+00    0.00000e+00

          T-ZIF          T-MXL
    2.99910e+02    2.99913e+02


	M E G A - F L O P S   A C C O U N T I N G

 NB=Group-cutoff nonbonded kernels    NxN=N-by-N cluster Verlet kernels
 RF=Reaction-Field  VdW=Van der Waals  QSTab=quadratic-spline table
 W3=SPC/TIP3p  W4=TIP4p (single or pairs)
 V&F=Potential and force  V=Potential only  F=Force only

 Computing:                               M-Number         M-Flops  % Flops
-----------------------------------------------------------------------------
 Pair Search distance check           22113.258012      199019.322     0.1
 NxN Ewald Elec. + LJ [F]           2225218.253296   146864404.718    80.9
 NxN Ewald Elec. + LJ [V&F]          117119.058800    12531739.292     6.9
 NxN Ewald Elec. [F]                  21146.337264     1289926.573     0.7
 NxN Ewald Elec. [V&F]                 1113.085296       93499.165     0.1
 1,4 nonbonded interactions            7242.007242      651780.652     0.4
 Calc Weights                          8838.008838      318168.318     0.2
 Spread Q Bspline                    188544.188544      377088.377     0.2
 Gather F Bspline                    188544.188544     1131265.131     0.6
 3D-FFT                             1954639.954638    15637119.637     8.6
 Solve PME                             1024.001024       65536.066     0.0
 Reset In Box                            58.922946         176.769     0.0
 CG-CoM                                  58.925892         176.778     0.0
 Bonds                                 3202.003202      188918.189     0.1
 Angles                                5694.005694      956592.957     0.5
 Propers                               3712.003712      850048.850     0.5
 Impropers                              998.000998      207584.208     0.1
 RB-Dihedrals                           984.000984      243048.243     0.1
 Virial                                 149.552991        2691.954     0.0
 Stop-CM                                147.305892        1473.059     0.0
 Calc-Ekin                              294.605892        7954.359     0.0
-----------------------------------------------------------------------------
 Total                                               181618212.615   100.0
-----------------------------------------------------------------------------


    D O M A I N   D E C O M P O S I T I O N   S T A T I S T I C S

 av. #atoms communicated per step for force:  2 x 0.0


      R E A L   C Y C L E   A N D   T I M E   A C C O U N T I N G

On 1 MPI rank, each using 16 OpenMP threads

 Activity:              Num   Num      Call    Wall time         Giga-Cycles
                        Ranks Threads  Count      (s)         total sum    %
--------------------------------------------------------------------------------
 Domain decomp.            1   16      20001       7.754        470.468   1.5
 Neighbor search           1   16      20001       8.373        508.018   1.7
 Force                     1   16    1000001     302.908      18378.084  60.5
 PME mesh                  1   16    1000001     150.629       9138.982  30.1
 NB X/F buffer ops.        1   16    1980001      20.097       1219.316   4.0
 Write traj.               1   16        101       0.061          3.711   0.0
 Update                    1   16    1000001       7.049        427.704   1.4
 Rest                                              4.163        252.591   0.8
--------------------------------------------------------------------------------
 Total                                           501.035      30398.876 100.0
--------------------------------------------------------------------------------
 Breakdown of PME mesh activities
--------------------------------------------------------------------------------
 PME spread                1   16    1000001      46.819       2840.597   9.3
 PME gather                1   16    1000001      33.558       2036.010   6.7
 PME 3D-FFT                1   16    2000002      62.500       3791.982  12.5
 PME solve Elec            1   16    1000001       5.415        328.515   1.1
--------------------------------------------------------------------------------

               Core t (s)   Wall t (s)        (%)
       Time:     8016.566      501.035     1600.0
                 (ns/day)    (hour/ns)
Performance:      172.443        0.139
Finished mdrun on rank 0 Wed Dec 18 16:04:46 2024

